2026-06-13 22:45:00 | INFO     | app.main:<module>:14 - Initializing FastAPI application
2026-06-13 22:45:00 | INFO     | app.main:<module>:19 - Session middleware configured
2026-06-13 22:45:00 | INFO     | app.main:<module>:29 - CORS middleware configured
2026-06-13 22:45:00 | INFO     | app.main:<module>:33 - Authentication routes registered
2026-06-13 22:45:00 | INFO     | app.main:<module>:36 - Admin routes registered
2026-06-13 22:45:00 | INFO     | app.main:<module>:39 - Adopter routes registered
2026-06-13 22:45:00 | INFO     | app.main:<module>:42 - Backblaze routes registered
2026-06-13 22:45:00 | INFO     | app.main:<module>:44 - FastAPI application initialized successfully
2026-06-13 22:45:06 | INFO     | app.utils.oauth.google_oauth:get_google_oauth:16 - Initializing Google OAuth
2026-06-13 22:45:06 | INFO     | app.utils.oauth.google_oauth:get_google_oauth:25 - Google OAuth registered successfully
2026-06-13 22:47:04 | INFO     | app.main:<module>:14 - Initializing FastAPI application
2026-06-13 22:47:04 | INFO     | app.main:<module>:19 - Session middleware configured
2026-06-13 22:47:04 | INFO     | app.main:<module>:29 - CORS middleware configured
2026-06-13 22:47:04 | INFO     | app.main:<module>:33 - Authentication routes registered
2026-06-13 22:47:04 | INFO     | app.main:<module>:36 - Admin routes registered
2026-06-13 22:47:04 | INFO     | app.main:<module>:39 - Adopter routes registered
2026-06-13 22:47:04 | INFO     | app.main:<module>:42 - Backblaze routes registered
2026-06-13 22:47:04 | INFO     | app.main:<module>:44 - FastAPI application initialized successfully
2026-06-13 22:47:08 | INFO     | app.utils.oauth.google_oauth:get_google_oauth:16 - Initializing Google OAuth
2026-06-13 22:47:08 | INFO     | app.utils.oauth.google_oauth:get_google_oauth:25 - Google OAuth registered successfully
2026-06-13 22:48:07 | INFO     | app.main:<module>:14 - Initializing FastAPI application
2026-06-13 22:48:07 | INFO     | app.main:<module>:19 - Session middleware configured
2026-06-13 22:48:07 | INFO     | app.main:<module>:29 - CORS middleware configured
2026-06-13 22:48:07 | INFO     | app.main:<module>:33 - Authentication routes registered
2026-06-13 22:48:07 | INFO     | app.main:<module>:36 - Admin routes registered
2026-06-13 22:48:07 | INFO     | app.main:<module>:39 - Adopter routes registered
2026-06-13 22:48:07 | INFO     | app.main:<module>:42 - Backblaze routes registered
2026-06-13 22:48:07 | INFO     | app.main:<module>:44 - FastAPI application initialized successfully
2026-06-13 22:48:08 | INFO     | app.routes.admin_routes:admin_dashboard:24 - GET /admin/dashboard - Request from user: admin@test.com
2026-06-13 22:48:08 | INFO     | app.routes.admin_routes:admin_dashboard:37 - Admin dashboard accessed successfully by user: admin@test.com
2026-06-13 22:48:08 | INFO     | app.routes.admin_routes:admin_dashboard:24 - GET /admin/dashboard - Request from user: regular@test.com
2026-06-13 22:48:08 | WARNING  | app.routes.admin_routes:admin_dashboard:28 - Access denied for user: regular@test.com - role: adopter
2026-06-13 22:48:08 | WARNING  | app.utils.jwt.jwt_utils:verify_token:78 - Token verification failed - No credentials provided
2026-06-13 22:48:08 | WARNING  | app.utils.jwt.jwt_utils:verify_token:107 - Token verification failed - JWT error: Not enough segments
2026-06-13 22:48:08 | WARNING  | app.utils.jwt.jwt_utils:verify_token:87 - Token verification failed - Token is blacklisted
2026-06-13 22:48:08 | INFO     | app.routes.adopter_routes:adopter_home:24 - GET /adopter/home - Request from user: adopter@test.com
2026-06-13 22:48:08 | INFO     | app.routes.adopter_routes:adopter_home:37 - Adopter home accessed successfully by user: adopter@test.com
2026-06-13 22:48:08 | INFO     | app.routes.adopter_routes:adopter_home:24 - GET /adopter/home - Request from user: admin.unauth@test.com
2026-06-13 22:48:08 | WARNING  | app.routes.adopter_routes:adopter_home:28 - Access denied for user: admin.unauth@test.com - role: admin
2026-06-13 22:48:08 | WARNING  | app.utils.jwt.jwt_utils:verify_token:78 - Token verification failed - No credentials provided
2026-06-13 22:48:08 | WARNING  | app.utils.jwt.jwt_utils:verify_token:107 - Token verification failed - JWT error: Not enough segments
2026-06-13 22:48:08 | WARNING  | app.utils.jwt.jwt_utils:verify_token:87 - Token verification failed - Token is blacklisted
2026-06-13 22:48:08 | INFO     | app.schemas.auth_schemas:validate_name:35 - Validating name: John
2026-06-13 22:48:08 | INFO     | app.schemas.auth_schemas:validate_name:41 - Name validation passed for: John
2026-06-13 22:48:08 | INFO     | app.schemas.auth_schemas:validate_name:35 - Validating name: Doe
2026-06-13 22:48:08 | INFO     | app.schemas.auth_schemas:validate_name:41 - Name validation passed for: Doe
2026-06-13 22:48:08 | INFO     | app.schemas.auth_schemas:validate_phone_number:48 - Validating phone number: 0912345678
2026-06-13 22:48:08 | INFO     | app.schemas.auth_schemas:validate_phone_number:59 - Phone number validation passed for: 0912345678
2026-06-13 22:48:08 | INFO     | app.schemas.auth_schemas:validate_password:66 - Validating password complexity
2026-06-13 22:48:08 | INFO     | app.schemas.auth_schemas:validate_password:76 - Password validation passed
2026-06-13 22:48:08 | INFO     | app.schemas.auth_schemas:validate_role:83 - Validating role: adopter
2026-06-13 22:48:08 | INFO     | app.schemas.auth_schemas:validate_role:87 - Role validation passed for: adopter
2026-06-13 22:48:08 | INFO     | app.routes.auth_routes:register:62 - POST /auth/register - Registration request for email: john.doe@test.com
2026-06-13 22:48:08 | INFO     | app.services.auth_service:register_user:29 - Registration attempt for email: john.doe@test.com
2026-06-13 22:48:08 | INFO     | app.services.auth_service:register_user:61 - Creating adopter user with email: john.doe@test.com
2026-06-13 22:48:08 | INFO     | app.services.auth_service:register_user:75 - Registration successful for user ID: 7, email: john.doe@test.com
2026-06-13 22:48:08 | INFO     | app.routes.auth_routes:register:78 - Registration successful - Adopter user ID: 7
2026-06-13 22:48:08 | INFO     | app.schemas.auth_schemas:validate_name:35 - Validating name: John
2026-06-13 22:48:08 | INFO     | app.schemas.auth_schemas:validate_name:41 - Name validation passed for: John
2026-06-13 22:48:08 | INFO     | app.schemas.auth_schemas:validate_name:35 - Validating name: Doe
2026-06-13 22:48:08 | INFO     | app.schemas.auth_schemas:validate_name:41 - Name validation passed for: Doe
2026-06-13 22:48:08 | INFO     | app.schemas.auth_schemas:validate_phone_number:48 - Validating phone number: 0912345678
2026-06-13 22:48:08 | INFO     | app.schemas.auth_schemas:validate_phone_number:59 - Phone number validation passed for: 0912345678
2026-06-13 22:48:08 | INFO     | app.schemas.auth_schemas:validate_password:66 - Validating password complexity
2026-06-13 22:48:08 | INFO     | app.schemas.auth_schemas:validate_password:76 - Password validation passed
2026-06-13 22:48:08 | INFO     | app.schemas.auth_schemas:validate_role:83 - Validating role: adopter
2026-06-13 22:48:08 | INFO     | app.schemas.auth_schemas:validate_role:87 - Role validation passed for: adopter
2026-06-13 22:48:08 | INFO     | app.routes.auth_routes:register:62 - POST /auth/register - Registration request for email: john.doe@test.com
2026-06-13 22:48:08 | INFO     | app.services.auth_service:register_user:29 - Registration attempt for email: john.doe@test.com
2026-06-13 22:48:08 | WARNING  | app.services.auth_service:register_user:35 - Registration failed - email already registered: john.doe@test.com
2026-06-13 22:48:08 | WARNING  | app.routes.auth_routes:register:89 - Registration failed - Email already registered: john.doe@test.com
2026-06-13 22:48:08 | INFO     | app.schemas.auth_schemas:validate_name:35 - Validating name: John
2026-06-13 22:48:08 | INFO     | app.schemas.auth_schemas:validate_name:41 - Name validation passed for: John
2026-06-13 22:48:08 | INFO     | app.schemas.auth_schemas:validate_name:35 - Validating name: Doe
2026-06-13 22:48:08 | INFO     | app.schemas.auth_schemas:validate_name:41 - Name validation passed for: Doe
2026-06-13 22:48:08 | INFO     | app.schemas.auth_schemas:validate_phone_number:48 - Validating phone number: 0912345678
2026-06-13 22:48:08 | INFO     | app.schemas.auth_schemas:validate_phone_number:59 - Phone number validation passed for: 0912345678
2026-06-13 22:48:08 | INFO     | app.schemas.auth_schemas:validate_password:66 - Validating password complexity
2026-06-13 22:48:08 | INFO     | app.schemas.auth_schemas:validate_password:76 - Password validation passed
2026-06-13 22:48:08 | INFO     | app.schemas.auth_schemas:validate_role:83 - Validating role: adopter
2026-06-13 22:48:08 | INFO     | app.schemas.auth_schemas:validate_role:87 - Role validation passed for: adopter
2026-06-13 22:48:08 | INFO     | app.routes.auth_routes:register:62 - POST /auth/register - Registration request for email: john.doe@test.com
2026-06-13 22:48:08 | INFO     | app.services.auth_service:register_user:29 - Registration attempt for email: john.doe@test.com
2026-06-13 22:48:08 | WARNING  | app.services.auth_service:register_user:35 - Registration failed - email already registered: john.doe@test.com
2026-06-13 22:48:08 | WARNING  | app.routes.auth_routes:register:89 - Registration failed - Email already registered: john.doe@test.com
2026-06-13 22:48:08 | INFO     | app.schemas.auth_schemas:validate_name:35 - Validating name: Jane
2026-06-13 22:48:08 | INFO     | app.schemas.auth_schemas:validate_name:41 - Name validation passed for: Jane
2026-06-13 22:48:08 | INFO     | app.schemas.auth_schemas:validate_name:35 - Validating name: John
2026-06-13 22:48:08 | INFO     | app.schemas.auth_schemas:validate_name:41 - Name validation passed for: John
2026-06-13 22:48:08 | INFO     | app.schemas.auth_schemas:validate_name:35 - Validating name: Doe
2026-06-13 22:48:08 | INFO     | app.schemas.auth_schemas:validate_name:41 - Name validation passed for: Doe
2026-06-13 22:48:08 | INFO     | app.schemas.auth_schemas:validate_phone_number:48 - Validating phone number: 0912345678
2026-06-13 22:48:08 | INFO     | app.schemas.auth_schemas:validate_phone_number:59 - Phone number validation passed for: 0912345678
2026-06-13 22:48:08 | INFO     | app.schemas.auth_schemas:validate_password:66 - Validating password complexity
2026-06-13 22:48:08 | INFO     | app.schemas.auth_schemas:validate_password:76 - Password validation passed
2026-06-13 22:48:08 | INFO     | app.schemas.auth_schemas:validate_role:83 - Validating role: adopter
2026-06-13 22:48:08 | INFO     | app.schemas.auth_schemas:validate_role:87 - Role validation passed for: adopter
2026-06-13 22:48:08 | INFO     | app.routes.auth_routes:register:62 - POST /auth/register - Registration request for email: secure.user@test.com
2026-06-13 22:48:08 | INFO     | app.services.auth_service:register_user:29 - Registration attempt for email: secure.user@test.com
2026-06-13 22:48:09 | INFO     | app.services.auth_service:register_user:61 - Creating adopter user with email: secure.user@test.com
2026-06-13 22:48:09 | INFO     | app.services.auth_service:register_user:75 - Registration successful for user ID: 8, email: secure.user@test.com
2026-06-13 22:48:09 | INFO     | app.routes.auth_routes:register:78 - Registration successful - Adopter user ID: 8
2026-06-13 22:48:09 | INFO     | app.schemas.auth_schemas:validate_name:35 - Validating name: John
2026-06-13 22:48:09 | INFO     | app.schemas.auth_schemas:validate_name:41 - Name validation passed for: John
2026-06-13 22:48:09 | INFO     | app.schemas.auth_schemas:validate_name:35 - Validating name: Doe
2026-06-13 22:48:09 | INFO     | app.schemas.auth_schemas:validate_name:41 - Name validation passed for: Doe
2026-06-13 22:48:09 | INFO     | app.schemas.auth_schemas:validate_phone_number:48 - Validating phone number: 0912345678
2026-06-13 22:48:09 | INFO     | app.schemas.auth_schemas:validate_phone_number:59 - Phone number validation passed for: 0912345678
2026-06-13 22:48:09 | INFO     | app.schemas.auth_schemas:validate_password:66 - Validating password complexity
2026-06-13 22:48:09 | INFO     | app.schemas.auth_schemas:validate_password:76 - Password validation passed
2026-06-13 22:48:09 | INFO     | app.schemas.auth_schemas:validate_role:83 - Validating role: adopter
2026-06-13 22:48:09 | INFO     | app.schemas.auth_schemas:validate_role:87 - Role validation passed for: adopter
2026-06-13 22:48:09 | INFO     | app.routes.auth_routes:register:62 - POST /auth/register - Registration request for email: login.test@test.com
2026-06-13 22:48:09 | INFO     | app.services.auth_service:register_user:29 - Registration attempt for email: login.test@test.com
2026-06-13 22:48:09 | INFO     | app.services.auth_service:register_user:61 - Creating adopter user with email: login.test@test.com
2026-06-13 22:48:09 | INFO     | app.services.auth_service:register_user:75 - Registration successful for user ID: 9, email: login.test@test.com
2026-06-13 22:48:09 | INFO     | app.routes.auth_routes:register:78 - Registration successful - Adopter user ID: 9
2026-06-13 22:48:09 | INFO     | app.routes.auth_routes:login:123 - POST /auth/login - Login request for email: login.test@test.com
2026-06-13 22:48:09 | INFO     | app.services.auth_service:login_user:84 - Login attempt for email: login.test@test.com
2026-06-13 22:48:09 | INFO     | app.services.auth_service:login_user:104 - Generating tokens for user ID: 9, role: adopter
2026-06-13 22:48:09 | INFO     | app.services.auth_service:login_user:141 - Login successful for user ID: 9, email: login.test@test.com
2026-06-13 22:48:09 | INFO     | app.routes.auth_routes:login:140 - Login successful for user ID: 9, email: login.test@test.com
2026-06-13 22:48:09 | INFO     | app.routes.auth_routes:login:123 - POST /auth/login - Login request for email: nonexistent@test.com
2026-06-13 22:48:09 | INFO     | app.services.auth_service:login_user:84 - Login attempt for email: nonexistent@test.com
2026-06-13 22:48:09 | WARNING  | app.services.auth_service:login_user:90 - Login failed - user not found: nonexistent@test.com
2026-06-13 22:48:09 | WARNING  | app.routes.auth_routes:login:156 - Login failed - Invalid credentials for email: nonexistent@test.com
2026-06-13 22:48:09 | INFO     | app.schemas.auth_schemas:validate_name:35 - Validating name: John
2026-06-13 22:48:09 | INFO     | app.schemas.auth_schemas:validate_name:41 - Name validation passed for: John
2026-06-13 22:48:09 | INFO     | app.schemas.auth_schemas:validate_name:35 - Validating name: Doe
2026-06-13 22:48:09 | INFO     | app.schemas.auth_schemas:validate_name:41 - Name validation passed for: Doe
2026-06-13 22:48:09 | INFO     | app.schemas.auth_schemas:validate_phone_number:48 - Validating phone number: 0912345678
2026-06-13 22:48:09 | INFO     | app.schemas.auth_schemas:validate_phone_number:59 - Phone number validation passed for: 0912345678
2026-06-13 22:48:09 | INFO     | app.schemas.auth_schemas:validate_password:66 - Validating password complexity
2026-06-13 22:48:09 | INFO     | app.schemas.auth_schemas:validate_password:76 - Password validation passed
2026-06-13 22:48:09 | INFO     | app.schemas.auth_schemas:validate_role:83 - Validating role: adopter
2026-06-13 22:48:09 | INFO     | app.schemas.auth_schemas:validate_role:87 - Role validation passed for: adopter
2026-06-13 22:48:09 | INFO     | app.routes.auth_routes:register:62 - POST /auth/register - Registration request for email: refresh.test@test.com
2026-06-13 22:48:09 | INFO     | app.services.auth_service:register_user:29 - Registration attempt for email: refresh.test@test.com
2026-06-13 22:48:10 | INFO     | app.services.auth_service:register_user:61 - Creating adopter user with email: refresh.test@test.com
2026-06-13 22:48:10 | INFO     | app.services.auth_service:register_user:75 - Registration successful for user ID: 10, email: refresh.test@test.com
2026-06-13 22:48:10 | INFO     | app.routes.auth_routes:register:78 - Registration successful - Adopter user ID: 10
2026-06-13 22:48:10 | INFO     | app.routes.auth_routes:login:123 - POST /auth/login - Login request for email: refresh.test@test.com
2026-06-13 22:48:10 | INFO     | app.services.auth_service:login_user:84 - Login attempt for email: refresh.test@test.com
2026-06-13 22:48:10 | INFO     | app.services.auth_service:login_user:104 - Generating tokens for user ID: 10, role: adopter
2026-06-13 22:48:10 | INFO     | app.services.auth_service:login_user:141 - Login successful for user ID: 10, email: refresh.test@test.com
2026-06-13 22:48:10 | INFO     | app.routes.auth_routes:login:140 - Login successful for user ID: 10, email: refresh.test@test.com
2026-06-13 22:48:10 | INFO     | app.routes.auth_routes:refresh:280 - POST /auth/refresh - Token refresh request
2026-06-13 22:48:10 | WARNING  | app.routes.auth_routes:refresh:301 - Token refresh rejected - Access token is still valid
2026-06-13 22:48:10 | INFO     | app.schemas.auth_schemas:validate_name:35 - Validating name: John
2026-06-13 22:48:10 | INFO     | app.schemas.auth_schemas:validate_name:41 - Name validation passed for: John
2026-06-13 22:48:10 | INFO     | app.schemas.auth_schemas:validate_name:35 - Validating name: Doe
2026-06-13 22:48:10 | INFO     | app.schemas.auth_schemas:validate_name:41 - Name validation passed for: Doe
2026-06-13 22:48:10 | INFO     | app.schemas.auth_schemas:validate_phone_number:48 - Validating phone number: 0912345678
2026-06-13 22:48:10 | INFO     | app.schemas.auth_schemas:validate_phone_number:59 - Phone number validation passed for: 0912345678
2026-06-13 22:48:10 | INFO     | app.schemas.auth_schemas:validate_password:66 - Validating password complexity
2026-06-13 22:48:10 | INFO     | app.schemas.auth_schemas:validate_password:76 - Password validation passed
2026-06-13 22:48:10 | INFO     | app.schemas.auth_schemas:validate_role:83 - Validating role: adopter
2026-06-13 22:48:10 | INFO     | app.schemas.auth_schemas:validate_role:87 - Role validation passed for: adopter
2026-06-13 22:48:10 | INFO     | app.routes.auth_routes:register:62 - POST /auth/register - Registration request for email: refresh.reject@test.com
2026-06-13 22:48:10 | INFO     | app.services.auth_service:register_user:29 - Registration attempt for email: refresh.reject@test.com
2026-06-13 22:48:10 | INFO     | app.services.auth_service:register_user:61 - Creating adopter user with email: refresh.reject@test.com
2026-06-13 22:48:10 | INFO     | app.services.auth_service:register_user:75 - Registration successful for user ID: 11, email: refresh.reject@test.com
2026-06-13 22:48:10 | INFO     | app.routes.auth_routes:register:78 - Registration successful - Adopter user ID: 11
2026-06-13 22:48:10 | INFO     | app.routes.auth_routes:login:123 - POST /auth/login - Login request for email: refresh.reject@test.com
2026-06-13 22:48:10 | INFO     | app.services.auth_service:login_user:84 - Login attempt for email: refresh.reject@test.com
2026-06-13 22:48:11 | INFO     | app.services.auth_service:login_user:104 - Generating tokens for user ID: 11, role: adopter
2026-06-13 22:48:11 | INFO     | app.services.auth_service:login_user:141 - Login successful for user ID: 11, email: refresh.reject@test.com
2026-06-13 22:48:11 | INFO     | app.routes.auth_routes:login:140 - Login successful for user ID: 11, email: refresh.reject@test.com
2026-06-13 22:48:11 | INFO     | app.routes.auth_routes:refresh:280 - POST /auth/refresh - Token refresh request
2026-06-13 22:48:11 | WARNING  | app.routes.auth_routes:refresh:301 - Token refresh rejected - Access token is still valid
2026-06-13 22:48:11 | INFO     | app.schemas.auth_schemas:validate_name:35 - Validating name: John
2026-06-13 22:48:11 | INFO     | app.schemas.auth_schemas:validate_name:41 - Name validation passed for: John
2026-06-13 22:48:11 | INFO     | app.schemas.auth_schemas:validate_name:35 - Validating name: Doe
2026-06-13 22:48:11 | INFO     | app.schemas.auth_schemas:validate_name:41 - Name validation passed for: Doe
2026-06-13 22:48:11 | INFO     | app.schemas.auth_schemas:validate_phone_number:48 - Validating phone number: 0912345678
2026-06-13 22:48:11 | INFO     | app.schemas.auth_schemas:validate_phone_number:59 - Phone number validation passed for: 0912345678
2026-06-13 22:48:11 | INFO     | app.schemas.auth_schemas:validate_password:66 - Validating password complexity
2026-06-13 22:48:11 | INFO     | app.schemas.auth_schemas:validate_password:76 - Password validation passed
2026-06-13 22:48:11 | INFO     | app.schemas.auth_schemas:validate_role:83 - Validating role: adopter
2026-06-13 22:48:11 | INFO     | app.schemas.auth_schemas:validate_role:87 - Role validation passed for: adopter
2026-06-13 22:48:11 | INFO     | app.routes.auth_routes:register:62 - POST /auth/register - Registration request for email: refresh.nocookie@test.com
2026-06-13 22:48:11 | INFO     | app.services.auth_service:register_user:29 - Registration attempt for email: refresh.nocookie@test.com
2026-06-13 22:48:11 | INFO     | app.services.auth_service:register_user:61 - Creating adopter user with email: refresh.nocookie@test.com
2026-06-13 22:48:11 | INFO     | app.services.auth_service:register_user:75 - Registration successful for user ID: 12, email: refresh.nocookie@test.com
2026-06-13 22:48:11 | INFO     | app.routes.auth_routes:register:78 - Registration successful - Adopter user ID: 12
2026-06-13 22:48:11 | INFO     | app.routes.auth_routes:login:123 - POST /auth/login - Login request for email: refresh.nocookie@test.com
2026-06-13 22:48:11 | INFO     | app.services.auth_service:login_user:84 - Login attempt for email: refresh.nocookie@test.com
2026-06-13 22:48:11 | INFO     | app.services.auth_service:login_user:104 - Generating tokens for user ID: 12, role: adopter
2026-06-13 22:48:11 | INFO     | app.services.auth_service:login_user:141 - Login successful for user ID: 12, email: refresh.nocookie@test.com
2026-06-13 22:48:11 | INFO     | app.routes.auth_routes:login:140 - Login successful for user ID: 12, email: refresh.nocookie@test.com
2026-06-13 22:48:11 | INFO     | app.routes.auth_routes:refresh:280 - POST /auth/refresh - Token refresh request
2026-06-13 22:48:11 | WARNING  | app.routes.auth_routes:refresh:301 - Token refresh rejected - Access token is still valid
2026-06-13 22:48:11 | INFO     | app.schemas.auth_schemas:validate_name:35 - Validating name: John
2026-06-13 22:48:11 | INFO     | app.schemas.auth_schemas:validate_name:41 - Name validation passed for: John
2026-06-13 22:48:11 | INFO     | app.schemas.auth_schemas:validate_name:35 - Validating name: Doe
2026-06-13 22:48:11 | INFO     | app.schemas.auth_schemas:validate_name:41 - Name validation passed for: Doe
2026-06-13 22:48:11 | INFO     | app.schemas.auth_schemas:validate_phone_number:48 - Validating phone number: 0912345678
2026-06-13 22:48:11 | INFO     | app.schemas.auth_schemas:validate_phone_number:59 - Phone number validation passed for: 0912345678
2026-06-13 22:48:11 | INFO     | app.schemas.auth_schemas:validate_password:66 - Validating password complexity
2026-06-13 22:48:11 | INFO     | app.schemas.auth_schemas:validate_password:76 - Password validation passed
2026-06-13 22:48:11 | INFO     | app.schemas.auth_schemas:validate_role:83 - Validating role: adopter
2026-06-13 22:48:11 | INFO     | app.schemas.auth_schemas:validate_role:87 - Role validation passed for: adopter
2026-06-13 22:48:11 | INFO     | app.routes.auth_routes:register:62 - POST /auth/register - Registration request for email: logout.blacklist@test.com
2026-06-13 22:48:11 | INFO     | app.services.auth_service:register_user:29 - Registration attempt for email: logout.blacklist@test.com
2026-06-13 22:48:12 | INFO     | app.services.auth_service:register_user:61 - Creating adopter user with email: logout.blacklist@test.com
2026-06-13 22:48:12 | INFO     | app.services.auth_service:register_user:75 - Registration successful for user ID: 13, email: logout.blacklist@test.com
2026-06-13 22:48:12 | INFO     | app.routes.auth_routes:register:78 - Registration successful - Adopter user ID: 13
2026-06-13 22:48:12 | INFO     | app.routes.auth_routes:login:123 - POST /auth/login - Login request for email: logout.blacklist@test.com
2026-06-13 22:48:12 | INFO     | app.services.auth_service:login_user:84 - Login attempt for email: logout.blacklist@test.com
2026-06-13 22:48:12 | INFO     | app.services.auth_service:login_user:104 - Generating tokens for user ID: 13, role: adopter
2026-06-13 22:48:12 | INFO     | app.services.auth_service:login_user:141 - Login successful for user ID: 13, email: logout.blacklist@test.com
2026-06-13 22:48:12 | INFO     | app.routes.auth_routes:login:140 - Login successful for user ID: 13, email: logout.blacklist@test.com
2026-06-13 22:48:12 | INFO     | app.routes.auth_routes:logout:362 - POST /auth/logout - Logout request
2026-06-13 22:48:12 | INFO     | app.routes.auth_routes:logout:388 - Access token added to blacklist
2026-06-13 22:48:12 | INFO     | app.services.auth_service:logout_user:300 - Logout attempt
2026-06-13 22:48:12 | INFO     | app.services.auth_service:logout_user:304 - Logout successful - refresh token deleted
2026-06-13 22:48:12 | INFO     | app.routes.auth_routes:logout:424 - Logout successful
2026-06-13 22:48:12 | INFO     | app.routes.auth_routes:logout:362 - POST /auth/logout - Logout request
2026-06-13 22:48:12 | WARNING  | app.routes.auth_routes:logout:367 - Logout failed - No active session found (no refresh token cookie)
2026-06-13 22:48:12 | INFO     | app.schemas.auth_schemas:validate_name:35 - Validating name: John
2026-06-13 22:48:12 | INFO     | app.schemas.auth_schemas:validate_name:41 - Name validation passed for: John
2026-06-13 22:48:12 | INFO     | app.schemas.auth_schemas:validate_name:35 - Validating name: Doe
2026-06-13 22:48:12 | INFO     | app.schemas.auth_schemas:validate_name:41 - Name validation passed for: Doe
2026-06-13 22:48:12 | INFO     | app.schemas.auth_schemas:validate_phone_number:48 - Validating phone number: 0912345678
2026-06-13 22:48:12 | INFO     | app.schemas.auth_schemas:validate_phone_number:59 - Phone number validation passed for: 0912345678
2026-06-13 22:48:12 | INFO     | app.schemas.auth_schemas:validate_password:66 - Validating password complexity
2026-06-13 22:48:12 | INFO     | app.schemas.auth_schemas:validate_password:76 - Password validation passed
2026-06-13 22:48:12 | INFO     | app.schemas.auth_schemas:validate_role:83 - Validating role: adopter
2026-06-13 22:48:12 | INFO     | app.schemas.auth_schemas:validate_role:87 - Role validation passed for: adopter
2026-06-13 22:48:12 | INFO     | app.routes.auth_routes:register:62 - POST /auth/register - Registration request for email: blacklist.protected@test.com
2026-06-13 22:48:12 | INFO     | app.services.auth_service:register_user:29 - Registration attempt for email: blacklist.protected@test.com
2026-06-13 22:48:12 | INFO     | app.services.auth_service:register_user:61 - Creating adopter user with email: blacklist.protected@test.com
2026-06-13 22:48:12 | INFO     | app.services.auth_service:register_user:75 - Registration successful for user ID: 14, email: blacklist.protected@test.com
2026-06-13 22:48:12 | INFO     | app.routes.auth_routes:register:78 - Registration successful - Adopter user ID: 14
2026-06-13 22:48:12 | INFO     | app.routes.auth_routes:login:123 - POST /auth/login - Login request for email: blacklist.protected@test.com
2026-06-13 22:48:12 | INFO     | app.services.auth_service:login_user:84 - Login attempt for email: blacklist.protected@test.com
2026-06-13 22:48:13 | INFO     | app.services.auth_service:login_user:104 - Generating tokens for user ID: 14, role: adopter
2026-06-13 22:48:13 | INFO     | app.services.auth_service:login_user:141 - Login successful for user ID: 14, email: blacklist.protected@test.com
2026-06-13 22:48:13 | INFO     | app.routes.auth_routes:login:140 - Login successful for user ID: 14, email: blacklist.protected@test.com
2026-06-13 22:48:13 | WARNING  | app.utils.jwt.jwt_utils:verify_token:100 - Token verification failed - Token expired
2026-06-13 22:48:13 | INFO     | app.schemas.auth_schemas:validate_name:35 - Validating name: Test
2026-06-13 22:48:13 | INFO     | app.schemas.auth_schemas:validate_name:41 - Name validation passed for: Test
2026-06-13 22:48:13 | INFO     | app.schemas.auth_schemas:validate_name:35 - Validating name: User
2026-06-13 22:48:13 | INFO     | app.schemas.auth_schemas:validate_name:41 - Name validation passed for: User
2026-06-13 22:48:13 | INFO     | app.schemas.auth_schemas:validate_phone_number:48 - Validating phone number: 0912345678
2026-06-13 22:48:13 | INFO     | app.schemas.auth_schemas:validate_phone_number:59 - Phone number validation passed for: 0912345678
2026-06-13 22:48:13 | INFO     | app.schemas.auth_schemas:validate_password:66 - Validating password complexity
2026-06-13 22:48:13 | INFO     | app.schemas.auth_schemas:validate_password:76 - Password validation passed
2026-06-13 22:48:13 | INFO     | app.schemas.auth_schemas:validate_role:83 - Validating role: adopter
2026-06-13 22:48:13 | INFO     | app.schemas.auth_schemas:validate_role:87 - Role validation passed for: adopter
2026-06-13 22:48:13 | INFO     | app.routes.auth_routes:register:62 - POST /auth/register - Registration request for email: validation.error@test.com
2026-06-13 22:48:13 | WARNING  | app.routes.auth_routes:register:98 - Registration failed - Validation error for email: validation.error@test.com
2026-06-13 22:48:13 | INFO     | app.schemas.auth_schemas:validate_name:35 - Validating name: Test
2026-06-13 22:48:13 | INFO     | app.schemas.auth_schemas:validate_name:41 - Name validation passed for: Test
2026-06-13 22:48:13 | INFO     | app.schemas.auth_schemas:validate_name:35 - Validating name: User
2026-06-13 22:48:13 | INFO     | app.schemas.auth_schemas:validate_name:41 - Name validation passed for: User
2026-06-13 22:48:13 | INFO     | app.schemas.auth_schemas:validate_phone_number:48 - Validating phone number: 0912345678
2026-06-13 22:48:13 | INFO     | app.schemas.auth_schemas:validate_phone_number:59 - Phone number validation passed for: 0912345678
2026-06-13 22:48:13 | INFO     | app.schemas.auth_schemas:validate_password:66 - Validating password complexity
2026-06-13 22:48:13 | INFO     | app.schemas.auth_schemas:validate_password:76 - Password validation passed
2026-06-13 22:48:13 | INFO     | app.schemas.auth_schemas:validate_role:83 - Validating role: adopter
2026-06-13 22:48:13 | INFO     | app.schemas.auth_schemas:validate_role:87 - Role validation passed for: adopter
2026-06-13 22:48:13 | INFO     | app.routes.auth_routes:register:62 - POST /auth/register - Registration request for email: internal.error@test.com
2026-06-13 22:48:13 | ERROR    | app.routes.auth_routes:register:109 - Registration failed - Internal server error for email: internal.error@test.com, error: Database connection failed
2026-06-13 22:48:13 | INFO     | app.routes.auth_routes:login:123 - POST /auth/login - Login request for email: test@test.com
2026-06-13 22:48:13 | ERROR    | app.routes.auth_routes:login:167 - Login failed - Internal server error for email: test@test.com, error: Database connection failed
2026-06-13 22:48:13 | INFO     | app.routes.auth_routes:refresh:280 - POST /auth/refresh - Token refresh request
2026-06-13 22:48:13 | ERROR    | app.routes.auth_routes:refresh:347 - Token refresh failed - Internal server error: Redis connection failed
2026-06-13 22:48:13 | INFO     | app.routes.auth_routes:logout:362 - POST /auth/logout - Logout request
2026-06-13 22:48:13 | INFO     | app.routes.auth_routes:logout:388 - Access token added to blacklist
2026-06-13 22:48:13 | ERROR    | app.routes.auth_routes:logout:429 - Logout failed - Internal server error: Redis connection failed
2026-06-13 22:48:13 | INFO     | app.routes.backblaze_routes:upload_image:30 - POST /backblaze/upload - Image upload request from user: backblaze.admin@test.com
2026-06-13 22:48:13 | INFO     | app.services.backblaze_service:bucket_exists:51 - Backblaze bucket found: SmartAdopt-Develop
2026-06-13 22:48:13 | INFO     | app.services.backblaze_service:upload_image_to_backblaze:62 - Uploading image to Backblaze: test.jpg
2026-06-13 22:48:13 | INFO     | app.services.backblaze_service:upload_image_to_backblaze:85 - Image uploaded successfully to Backblaze: 09507304-018c-4a8b-a5a5-3b7ebb8ffcd0.jpg -> https://f002.backblazeb2.com/file/test-bucket/uuid.jpg
2026-06-13 22:48:13 | INFO     | app.routes.backblaze_routes:upload_image:68 - Image uploaded successfully: test.jpg -> https://f002.backblazeb2.com/file/test-bucket/uuid.jpg
2026-06-13 22:48:13 | INFO     | app.routes.backblaze_routes:upload_image:30 - POST /backblaze/upload - Image upload request from user: backblaze.regular@test.com
2026-06-13 22:48:13 | WARNING  | app.routes.backblaze_routes:upload_image:37 - Image upload denied for user: backblaze.regular@test.com - role: adopter
2026-06-13 22:48:13 | WARNING  | app.utils.jwt.jwt_utils:verify_token:78 - Token verification failed - No credentials provided
2026-06-13 22:48:13 | INFO     | app.routes.backblaze_routes:upload_image:30 - POST /backblaze/upload - Image upload request from user: backblaze.admin2@test.com
2026-06-13 22:48:13 | WARNING  | app.routes.backblaze_routes:upload_image:58 - Image upload failed - Invalid file type: application/pdf
2026-06-13 22:48:13 | INFO     | app.routes.backblaze_routes:upload_image:30 - POST /backblaze/upload - Image upload request from user: backblaze.admin3@test.com
2026-06-13 22:48:13 | ERROR    | app.routes.backblaze_routes:upload_image:47 - Image upload failed - Backblaze bucket not found
2026-06-13 22:48:13 | INFO     | app.routes.backblaze_routes:upload_image:30 - POST /backblaze/upload - Image upload request from user: backblaze.admin4@test.com
2026-06-13 22:48:13 | INFO     | app.services.backblaze_service:bucket_exists:51 - Backblaze bucket found: SmartAdopt-Develop
2026-06-13 22:48:13 | INFO     | app.services.backblaze_service:upload_image_to_backblaze:62 - Uploading image to Backblaze: test.jpg
2026-06-13 22:48:13 | ERROR    | app.services.backblaze_service:upload_image_to_backblaze:91 - Failed to upload image to Backblaze: Upload failed
2026-06-13 22:48:13 | ERROR    | app.routes.backblaze_routes:upload_image:81 - Image upload failed - error: Failed to upload image to Backblaze
2026-06-13 22:48:13 | INFO     | app.routes.auth_routes:google_callback:206 - GET /auth/google/callback - OAuth callback received
2026-06-13 22:48:13 | INFO     | app.routes.auth_routes:google_callback:216 - OAuth callback - User info received for email: google.user@gmail.com
2026-06-13 22:48:13 | INFO     | app.services.auth_service:oauth_login_or_register:150 - OAuth login/registration attempt for email: google.user@gmail.com, role: adopter
2026-06-13 22:48:13 | INFO     | app.services.auth_service:oauth_login_or_register:208 - OAuth auto-registration for new user: google.user@gmail.com
2026-06-13 22:48:13 | INFO     | app.services.auth_service:oauth_login_or_register:249 - OAuth auto-registration successful for user ID: 20, email: google.user@gmail.com
2026-06-13 22:48:13 | INFO     | app.routes.auth_routes:google_callback:257 - OAuth callback successful for user ID: 20
2026-06-13 22:48:13 | INFO     | app.schemas.auth_schemas:validate_name:35 - Validating name: Existing
2026-06-13 22:48:13 | INFO     | app.schemas.auth_schemas:validate_name:41 - Name validation passed for: Existing
2026-06-13 22:48:13 | INFO     | app.schemas.auth_schemas:validate_name:35 - Validating name: User
2026-06-13 22:48:13 | INFO     | app.schemas.auth_schemas:validate_name:41 - Name validation passed for: User
2026-06-13 22:48:13 | INFO     | app.schemas.auth_schemas:validate_phone_number:48 - Validating phone number: 0912345678
2026-06-13 22:48:13 | INFO     | app.schemas.auth_schemas:validate_phone_number:59 - Phone number validation passed for: 0912345678
2026-06-13 22:48:13 | INFO     | app.schemas.auth_schemas:validate_password:66 - Validating password complexity
2026-06-13 22:48:13 | INFO     | app.schemas.auth_schemas:validate_password:76 - Password validation passed
2026-06-13 22:48:13 | INFO     | app.schemas.auth_schemas:validate_role:83 - Validating role: adopter
2026-06-13 22:48:13 | INFO     | app.schemas.auth_schemas:validate_role:87 - Role validation passed for: adopter
2026-06-13 22:48:13 | INFO     | app.services.auth_service:register_user:29 - Registration attempt for email: existing.user@gmail.com
2026-06-13 22:48:13 | INFO     | app.services.auth_service:register_user:61 - Creating adopter user with email: existing.user@gmail.com
2026-06-13 22:48:13 | INFO     | app.services.auth_service:register_user:75 - Registration successful for user ID: 21, email: existing.user@gmail.com
2026-06-13 22:48:13 | INFO     | app.routes.auth_routes:google_callback:206 - GET /auth/google/callback - OAuth callback received
2026-06-13 22:48:13 | INFO     | app.routes.auth_routes:google_callback:216 - OAuth callback - User info received for email: existing.user@gmail.com
2026-06-13 22:48:13 | INFO     | app.services.auth_service:oauth_login_or_register:150 - OAuth login/registration attempt for email: existing.user@gmail.com, role: adopter
2026-06-13 22:48:13 | INFO     | app.services.auth_service:oauth_login_or_register:164 - OAuth login - existing user found: existing.user@gmail.com
2026-06-13 22:48:13 | INFO     | app.services.auth_service:oauth_login_or_register:191 - OAuth login successful for user ID: 21, email: existing.user@gmail.com
2026-06-13 22:48:13 | INFO     | app.routes.auth_routes:google_callback:257 - OAuth callback successful for user ID: 21
2026-06-13 22:48:13 | INFO     | app.routes.auth_routes:google_callback:206 - GET /auth/google/callback - OAuth callback received
2026-06-13 22:48:14 | INFO     | app.routes.auth_routes:google_callback:216 - OAuth callback - User info received for email: admin.user@gmail.com
2026-06-13 22:48:14 | INFO     | app.services.auth_service:oauth_login_or_register:150 - OAuth login/registration attempt for email: admin.user@gmail.com, role: admin
2026-06-13 22:48:14 | INFO     | app.services.auth_service:oauth_login_or_register:208 - OAuth auto-registration for new user: admin.user@gmail.com
2026-06-13 22:48:14 | INFO     | app.services.auth_service:oauth_login_or_register:249 - OAuth auto-registration successful for user ID: 22, email: admin.user@gmail.com
2026-06-13 22:48:14 | INFO     | app.routes.auth_routes:google_callback:257 - OAuth callback successful for user ID: 22
2026-06-13 22:48:14 | INFO     | app.routes.auth_routes:google_callback:206 - GET /auth/google/callback - OAuth callback received
2026-06-13 22:48:14 | ERROR    | app.routes.auth_routes:google_callback:261 - OAuth callback failed - error: Google auth failed
2026-06-13 22:48:14 | INFO     | app.routes.auth_routes:login_google:182 - GET /auth/login/google - OAuth login request with role: adopter
2026-06-13 22:48:14 | INFO     | app.routes.auth_routes:login_google:187 - Redirecting to Google OAuth with redirect URI: http://localhost:8000/auth/google/callback
2026-06-13 22:48:14 | INFO     | app.routes.auth_routes:login_google:182 - GET /auth/login/google - OAuth login request with role: adopter
2026-06-13 22:48:14 | INFO     | app.routes.auth_routes:login_google:187 - Redirecting to Google OAuth with redirect URI: http://localhost:8000/auth/google/callback
2026-06-13 22:48:14 | ERROR    | app.routes.auth_routes:login_google:190 - OAuth redirect failed - error: OAuth not available
2026-06-13 22:48:14 | INFO     | app.utils.oauth.google_oauth:get_google_oauth:16 - Initializing Google OAuth
2026-06-13 22:48:14 | INFO     | app.utils.oauth.google_oauth:get_google_oauth:25 - Google OAuth registered successfully
2026-06-13 22:49:08 | INFO     | app.main:<module>:14 - Initializing FastAPI application
2026-06-13 22:49:08 | INFO     | app.main:<module>:19 - Session middleware configured
2026-06-13 22:49:08 | INFO     | app.main:<module>:29 - CORS middleware configured
2026-06-13 22:49:08 | INFO     | app.main:<module>:33 - Authentication routes registered
2026-06-13 22:49:08 | INFO     | app.main:<module>:36 - Admin routes registered
2026-06-13 22:49:08 | INFO     | app.main:<module>:39 - Adopter routes registered
2026-06-13 22:49:08 | INFO     | app.main:<module>:42 - Backblaze routes registered
2026-06-13 22:49:08 | INFO     | app.main:<module>:44 - FastAPI application initialized successfully
2026-06-13 22:49:08 | INFO     | app.routes.admin_routes:admin_dashboard:24 - GET /admin/dashboard - Request from user: admin@test.com
2026-06-13 22:49:08 | INFO     | app.routes.admin_routes:admin_dashboard:37 - Admin dashboard accessed successfully by user: admin@test.com
2026-06-13 22:49:08 | INFO     | app.routes.admin_routes:admin_dashboard:24 - GET /admin/dashboard - Request from user: regular@test.com
2026-06-13 22:49:08 | WARNING  | app.routes.admin_routes:admin_dashboard:28 - Access denied for user: regular@test.com - role: adopter
2026-06-13 22:49:08 | WARNING  | app.utils.jwt.jwt_utils:verify_token:78 - Token verification failed - No credentials provided
2026-06-13 22:49:08 | WARNING  | app.utils.jwt.jwt_utils:verify_token:107 - Token verification failed - JWT error: Not enough segments
2026-06-13 22:49:08 | WARNING  | app.utils.jwt.jwt_utils:verify_token:87 - Token verification failed - Token is blacklisted
2026-06-13 22:49:08 | INFO     | app.routes.adopter_routes:adopter_home:24 - GET /adopter/home - Request from user: adopter@test.com
2026-06-13 22:49:08 | INFO     | app.routes.adopter_routes:adopter_home:37 - Adopter home accessed successfully by user: adopter@test.com
2026-06-13 22:49:08 | INFO     | app.routes.adopter_routes:adopter_home:24 - GET /adopter/home - Request from user: admin.unauth@test.com
2026-06-13 22:49:08 | WARNING  | app.routes.adopter_routes:adopter_home:28 - Access denied for user: admin.unauth@test.com - role: admin
2026-06-13 22:49:08 | WARNING  | app.utils.jwt.jwt_utils:verify_token:78 - Token verification failed - No credentials provided
2026-06-13 22:49:08 | WARNING  | app.utils.jwt.jwt_utils:verify_token:107 - Token verification failed - JWT error: Not enough segments
2026-06-13 22:49:08 | WARNING  | app.utils.jwt.jwt_utils:verify_token:87 - Token verification failed - Token is blacklisted
2026-06-13 22:49:08 | INFO     | app.schemas.auth_schemas:validate_name:35 - Validating name: John
2026-06-13 22:49:08 | INFO     | app.schemas.auth_schemas:validate_name:41 - Name validation passed for: John
2026-06-13 22:49:08 | INFO     | app.schemas.auth_schemas:validate_name:35 - Validating name: Doe
2026-06-13 22:49:08 | INFO     | app.schemas.auth_schemas:validate_name:41 - Name validation passed for: Doe
2026-06-13 22:49:08 | INFO     | app.schemas.auth_schemas:validate_phone_number:48 - Validating phone number: 0912345678
2026-06-13 22:49:08 | INFO     | app.schemas.auth_schemas:validate_phone_number:59 - Phone number validation passed for: 0912345678
2026-06-13 22:49:08 | INFO     | app.schemas.auth_schemas:validate_password:66 - Validating password complexity
2026-06-13 22:49:08 | INFO     | app.schemas.auth_schemas:validate_password:76 - Password validation passed
2026-06-13 22:49:08 | INFO     | app.schemas.auth_schemas:validate_role:83 - Validating role: adopter
2026-06-13 22:49:08 | INFO     | app.schemas.auth_schemas:validate_role:87 - Role validation passed for: adopter
2026-06-13 22:49:08 | INFO     | app.routes.auth_routes:register:62 - POST /auth/register - Registration request for email: john.doe@test.com
2026-06-13 22:49:08 | INFO     | app.services.auth_service:register_user:29 - Registration attempt for email: john.doe@test.com
2026-06-13 22:49:08 | INFO     | app.services.auth_service:register_user:61 - Creating adopter user with email: john.doe@test.com
2026-06-13 22:49:08 | INFO     | app.services.auth_service:register_user:75 - Registration successful for user ID: 7, email: john.doe@test.com
2026-06-13 22:49:08 | INFO     | app.routes.auth_routes:register:78 - Registration successful - Adopter user ID: 7
2026-06-13 22:49:08 | INFO     | app.schemas.auth_schemas:validate_name:35 - Validating name: John
2026-06-13 22:49:08 | INFO     | app.schemas.auth_schemas:validate_name:41 - Name validation passed for: John
2026-06-13 22:49:08 | INFO     | app.schemas.auth_schemas:validate_name:35 - Validating name: Doe
2026-06-13 22:49:08 | INFO     | app.schemas.auth_schemas:validate_name:41 - Name validation passed for: Doe
2026-06-13 22:49:08 | INFO     | app.schemas.auth_schemas:validate_phone_number:48 - Validating phone number: 0912345678
2026-06-13 22:49:08 | INFO     | app.schemas.auth_schemas:validate_phone_number:59 - Phone number validation passed for: 0912345678
2026-06-13 22:49:08 | INFO     | app.schemas.auth_schemas:validate_password:66 - Validating password complexity
2026-06-13 22:49:08 | INFO     | app.schemas.auth_schemas:validate_password:76 - Password validation passed
2026-06-13 22:49:08 | INFO     | app.schemas.auth_schemas:validate_role:83 - Validating role: adopter
2026-06-13 22:49:08 | INFO     | app.schemas.auth_schemas:validate_role:87 - Role validation passed for: adopter
2026-06-13 22:49:08 | INFO     | app.routes.auth_routes:register:62 - POST /auth/register - Registration request for email: john.doe@test.com
2026-06-13 22:49:08 | INFO     | app.services.auth_service:register_user:29 - Registration attempt for email: john.doe@test.com
2026-06-13 22:49:08 | WARNING  | app.services.auth_service:register_user:35 - Registration failed - email already registered: john.doe@test.com
2026-06-13 22:49:08 | WARNING  | app.routes.auth_routes:register:89 - Registration failed - Email already registered: john.doe@test.com
2026-06-13 22:49:08 | INFO     | app.schemas.auth_schemas:validate_name:35 - Validating name: John
2026-06-13 22:49:08 | INFO     | app.schemas.auth_schemas:validate_name:41 - Name validation passed for: John
2026-06-13 22:49:08 | INFO     | app.schemas.auth_schemas:validate_name:35 - Validating name: Doe
2026-06-13 22:49:08 | INFO     | app.schemas.auth_schemas:validate_name:41 - Name validation passed for: Doe
2026-06-13 22:49:08 | INFO     | app.schemas.auth_schemas:validate_phone_number:48 - Validating phone number: 0912345678
2026-06-13 22:49:08 | INFO     | app.schemas.auth_schemas:validate_phone_number:59 - Phone number validation passed for: 0912345678
2026-06-13 22:49:08 | INFO     | app.schemas.auth_schemas:validate_password:66 - Validating password complexity
2026-06-13 22:49:08 | INFO     | app.schemas.auth_schemas:validate_password:76 - Password validation passed
2026-06-13 22:49:08 | INFO     | app.schemas.auth_schemas:validate_role:83 - Validating role: adopter
2026-06-13 22:49:08 | INFO     | app.schemas.auth_schemas:validate_role:87 - Role validation passed for: adopter
2026-06-13 22:49:08 | INFO     | app.routes.auth_routes:register:62 - POST /auth/register - Registration request for email: john.doe@test.com
2026-06-13 22:49:08 | INFO     | app.services.auth_service:register_user:29 - Registration attempt for email: john.doe@test.com
2026-06-13 22:49:08 | WARNING  | app.services.auth_service:register_user:35 - Registration failed - email already registered: john.doe@test.com
2026-06-13 22:49:08 | WARNING  | app.routes.auth_routes:register:89 - Registration failed - Email already registered: john.doe@test.com
2026-06-13 22:49:08 | INFO     | app.schemas.auth_schemas:validate_name:35 - Validating name: Jane
2026-06-13 22:49:08 | INFO     | app.schemas.auth_schemas:validate_name:41 - Name validation passed for: Jane
2026-06-13 22:49:08 | INFO     | app.schemas.auth_schemas:validate_name:35 - Validating name: John
2026-06-13 22:49:08 | INFO     | app.schemas.auth_schemas:validate_name:41 - Name validation passed for: John
2026-06-13 22:49:08 | INFO     | app.schemas.auth_schemas:validate_name:35 - Validating name: Doe
2026-06-13 22:49:08 | INFO     | app.schemas.auth_schemas:validate_name:41 - Name validation passed for: Doe
2026-06-13 22:49:08 | INFO     | app.schemas.auth_schemas:validate_phone_number:48 - Validating phone number: 0912345678
2026-06-13 22:49:08 | INFO     | app.schemas.auth_schemas:validate_phone_number:59 - Phone number validation passed for: 0912345678
2026-06-13 22:49:08 | INFO     | app.schemas.auth_schemas:validate_password:66 - Validating password complexity
2026-06-13 22:49:08 | INFO     | app.schemas.auth_schemas:validate_password:76 - Password validation passed
2026-06-13 22:49:08 | INFO     | app.schemas.auth_schemas:validate_role:83 - Validating role: adopter
2026-06-13 22:49:08 | INFO     | app.schemas.auth_schemas:validate_role:87 - Role validation passed for: adopter
2026-06-13 22:49:08 | INFO     | app.routes.auth_routes:register:62 - POST /auth/register - Registration request for email: secure.user@test.com
2026-06-13 22:49:08 | INFO     | app.services.auth_service:register_user:29 - Registration attempt for email: secure.user@test.com
2026-06-13 22:49:09 | INFO     | app.services.auth_service:register_user:61 - Creating adopter user with email: secure.user@test.com
2026-06-13 22:49:09 | INFO     | app.services.auth_service:register_user:75 - Registration successful for user ID: 8, email: secure.user@test.com
2026-06-13 22:49:09 | INFO     | app.routes.auth_routes:register:78 - Registration successful - Adopter user ID: 8
2026-06-13 22:49:09 | INFO     | app.schemas.auth_schemas:validate_name:35 - Validating name: John
2026-06-13 22:49:09 | INFO     | app.schemas.auth_schemas:validate_name:41 - Name validation passed for: John
2026-06-13 22:49:09 | INFO     | app.schemas.auth_schemas:validate_name:35 - Validating name: Doe
2026-06-13 22:49:09 | INFO     | app.schemas.auth_schemas:validate_name:41 - Name validation passed for: Doe
2026-06-13 22:49:09 | INFO     | app.schemas.auth_schemas:validate_phone_number:48 - Validating phone number: 0912345678
2026-06-13 22:49:09 | INFO     | app.schemas.auth_schemas:validate_phone_number:59 - Phone number validation passed for: 0912345678
2026-06-13 22:49:09 | INFO     | app.schemas.auth_schemas:validate_password:66 - Validating password complexity
2026-06-13 22:49:09 | INFO     | app.schemas.auth_schemas:validate_password:76 - Password validation passed
2026-06-13 22:49:09 | INFO     | app.schemas.auth_schemas:validate_role:83 - Validating role: adopter
2026-06-13 22:49:09 | INFO     | app.schemas.auth_schemas:validate_role:87 - Role validation passed for: adopter
2026-06-13 22:49:09 | INFO     | app.routes.auth_routes:register:62 - POST /auth/register - Registration request for email: login.test@test.com
2026-06-13 22:49:09 | INFO     | app.services.auth_service:register_user:29 - Registration attempt for email: login.test@test.com
2026-06-13 22:49:09 | INFO     | app.services.auth_service:register_user:61 - Creating adopter user with email: login.test@test.com
2026-06-13 22:49:09 | INFO     | app.services.auth_service:register_user:75 - Registration successful for user ID: 9, email: login.test@test.com
2026-06-13 22:49:09 | INFO     | app.routes.auth_routes:register:78 - Registration successful - Adopter user ID: 9
2026-06-13 22:49:09 | INFO     | app.routes.auth_routes:login:123 - POST /auth/login - Login request for email: login.test@test.com
2026-06-13 22:49:09 | INFO     | app.services.auth_service:login_user:84 - Login attempt for email: login.test@test.com
2026-06-13 22:49:09 | INFO     | app.services.auth_service:login_user:104 - Generating tokens for user ID: 9, role: adopter
2026-06-13 22:49:09 | INFO     | app.services.auth_service:login_user:141 - Login successful for user ID: 9, email: login.test@test.com
2026-06-13 22:49:09 | INFO     | app.routes.auth_routes:login:140 - Login successful for user ID: 9, email: login.test@test.com
2026-06-13 22:49:09 | INFO     | app.routes.auth_routes:login:123 - POST /auth/login - Login request for email: nonexistent@test.com
2026-06-13 22:49:09 | INFO     | app.services.auth_service:login_user:84 - Login attempt for email: nonexistent@test.com
2026-06-13 22:49:09 | WARNING  | app.services.auth_service:login_user:90 - Login failed - user not found: nonexistent@test.com
2026-06-13 22:49:09 | WARNING  | app.routes.auth_routes:login:156 - Login failed - Invalid credentials for email: nonexistent@test.com
2026-06-13 22:49:10 | INFO     | app.schemas.auth_schemas:validate_name:35 - Validating name: John
2026-06-13 22:49:10 | INFO     | app.schemas.auth_schemas:validate_name:41 - Name validation passed for: John
2026-06-13 22:49:10 | INFO     | app.schemas.auth_schemas:validate_name:35 - Validating name: Doe
2026-06-13 22:49:10 | INFO     | app.schemas.auth_schemas:validate_name:41 - Name validation passed for: Doe
2026-06-13 22:49:10 | INFO     | app.schemas.auth_schemas:validate_phone_number:48 - Validating phone number: 0912345678
2026-06-13 22:49:10 | INFO     | app.schemas.auth_schemas:validate_phone_number:59 - Phone number validation passed for: 0912345678
2026-06-13 22:49:10 | INFO     | app.schemas.auth_schemas:validate_password:66 - Validating password complexity
2026-06-13 22:49:10 | INFO     | app.schemas.auth_schemas:validate_password:76 - Password validation passed
2026-06-13 22:49:10 | INFO     | app.schemas.auth_schemas:validate_role:83 - Validating role: adopter
2026-06-13 22:49:10 | INFO     | app.schemas.auth_schemas:validate_role:87 - Role validation passed for: adopter
2026-06-13 22:49:10 | INFO     | app.routes.auth_routes:register:62 - POST /auth/register - Registration request for email: refresh.test@test.com
2026-06-13 22:49:10 | INFO     | app.services.auth_service:register_user:29 - Registration attempt for email: refresh.test@test.com
2026-06-13 22:49:10 | INFO     | app.services.auth_service:register_user:61 - Creating adopter user with email: refresh.test@test.com
2026-06-13 22:49:10 | INFO     | app.services.auth_service:register_user:75 - Registration successful for user ID: 10, email: refresh.test@test.com
2026-06-13 22:49:10 | INFO     | app.routes.auth_routes:register:78 - Registration successful - Adopter user ID: 10
2026-06-13 22:49:10 | INFO     | app.routes.auth_routes:login:123 - POST /auth/login - Login request for email: refresh.test@test.com
2026-06-13 22:49:10 | INFO     | app.services.auth_service:login_user:84 - Login attempt for email: refresh.test@test.com
2026-06-13 22:49:10 | INFO     | app.services.auth_service:login_user:104 - Generating tokens for user ID: 10, role: adopter
2026-06-13 22:49:10 | INFO     | app.services.auth_service:login_user:141 - Login successful for user ID: 10, email: refresh.test@test.com
2026-06-13 22:49:10 | INFO     | app.routes.auth_routes:login:140 - Login successful for user ID: 10, email: refresh.test@test.com
2026-06-13 22:49:10 | INFO     | app.routes.auth_routes:refresh:280 - POST /auth/refresh - Token refresh request
2026-06-13 22:49:10 | WARNING  | app.routes.auth_routes:refresh:301 - Token refresh rejected - Access token is still valid
2026-06-13 22:49:10 | INFO     | app.schemas.auth_schemas:validate_name:35 - Validating name: John
2026-06-13 22:49:10 | INFO     | app.schemas.auth_schemas:validate_name:41 - Name validation passed for: John
2026-06-13 22:49:10 | INFO     | app.schemas.auth_schemas:validate_name:35 - Validating name: Doe
2026-06-13 22:49:10 | INFO     | app.schemas.auth_schemas:validate_name:41 - Name validation passed for: Doe
2026-06-13 22:49:10 | INFO     | app.schemas.auth_schemas:validate_phone_number:48 - Validating phone number: 0912345678
2026-06-13 22:49:10 | INFO     | app.schemas.auth_schemas:validate_phone_number:59 - Phone number validation passed for: 0912345678
2026-06-13 22:49:10 | INFO     | app.schemas.auth_schemas:validate_password:66 - Validating password complexity
2026-06-13 22:49:10 | INFO     | app.schemas.auth_schemas:validate_password:76 - Password validation passed
2026-06-13 22:49:10 | INFO     | app.schemas.auth_schemas:validate_role:83 - Validating role: adopter
2026-06-13 22:49:10 | INFO     | app.schemas.auth_schemas:validate_role:87 - Role validation passed for: adopter
2026-06-13 22:49:10 | INFO     | app.routes.auth_routes:register:62 - POST /auth/register - Registration request for email: refresh.reject@test.com
2026-06-13 22:49:10 | INFO     | app.services.auth_service:register_user:29 - Registration attempt for email: refresh.reject@test.com
2026-06-13 22:49:10 | INFO     | app.services.auth_service:register_user:61 - Creating adopter user with email: refresh.reject@test.com
2026-06-13 22:49:10 | INFO     | app.services.auth_service:register_user:75 - Registration successful for user ID: 11, email: refresh.reject@test.com
2026-06-13 22:49:10 | INFO     | app.routes.auth_routes:register:78 - Registration successful - Adopter user ID: 11
2026-06-13 22:49:10 | INFO     | app.routes.auth_routes:login:123 - POST /auth/login - Login request for email: refresh.reject@test.com
2026-06-13 22:49:10 | INFO     | app.services.auth_service:login_user:84 - Login attempt for email: refresh.reject@test.com
2026-06-13 22:49:11 | INFO     | app.services.auth_service:login_user:104 - Generating tokens for user ID: 11, role: adopter
2026-06-13 22:49:11 | INFO     | app.services.auth_service:login_user:141 - Login successful for user ID: 11, email: refresh.reject@test.com
2026-06-13 22:49:11 | INFO     | app.routes.auth_routes:login:140 - Login successful for user ID: 11, email: refresh.reject@test.com
2026-06-13 22:49:11 | INFO     | app.routes.auth_routes:refresh:280 - POST /auth/refresh - Token refresh request
2026-06-13 22:49:11 | WARNING  | app.routes.auth_routes:refresh:301 - Token refresh rejected - Access token is still valid
2026-06-13 22:49:11 | INFO     | app.schemas.auth_schemas:validate_name:35 - Validating name: John
2026-06-13 22:49:11 | INFO     | app.schemas.auth_schemas:validate_name:41 - Name validation passed for: John
2026-06-13 22:49:11 | INFO     | app.schemas.auth_schemas:validate_name:35 - Validating name: Doe
2026-06-13 22:49:11 | INFO     | app.schemas.auth_schemas:validate_name:41 - Name validation passed for: Doe
2026-06-13 22:49:11 | INFO     | app.schemas.auth_schemas:validate_phone_number:48 - Validating phone number: 0912345678
2026-06-13 22:49:11 | INFO     | app.schemas.auth_schemas:validate_phone_number:59 - Phone number validation passed for: 0912345678
2026-06-13 22:49:11 | INFO     | app.schemas.auth_schemas:validate_password:66 - Validating password complexity
2026-06-13 22:49:11 | INFO     | app.schemas.auth_schemas:validate_password:76 - Password validation passed
2026-06-13 22:49:11 | INFO     | app.schemas.auth_schemas:validate_role:83 - Validating role: adopter
2026-06-13 22:49:11 | INFO     | app.schemas.auth_schemas:validate_role:87 - Role validation passed for: adopter
2026-06-13 22:49:11 | INFO     | app.routes.auth_routes:register:62 - POST /auth/register - Registration request for email: refresh.nocookie@test.com
2026-06-13 22:49:11 | INFO     | app.services.auth_service:register_user:29 - Registration attempt for email: refresh.nocookie@test.com
2026-06-13 22:49:11 | INFO     | app.services.auth_service:register_user:61 - Creating adopter user with email: refresh.nocookie@test.com
2026-06-13 22:49:11 | INFO     | app.services.auth_service:register_user:75 - Registration successful for user ID: 12, email: refresh.nocookie@test.com
2026-06-13 22:49:11 | INFO     | app.routes.auth_routes:register:78 - Registration successful - Adopter user ID: 12
2026-06-13 22:49:11 | INFO     | app.routes.auth_routes:login:123 - POST /auth/login - Login request for email: refresh.nocookie@test.com
2026-06-13 22:49:11 | INFO     | app.services.auth_service:login_user:84 - Login attempt for email: refresh.nocookie@test.com
2026-06-13 22:49:11 | INFO     | app.services.auth_service:login_user:104 - Generating tokens for user ID: 12, role: adopter
2026-06-13 22:49:11 | INFO     | app.services.auth_service:login_user:141 - Login successful for user ID: 12, email: refresh.nocookie@test.com
2026-06-13 22:49:11 | INFO     | app.routes.auth_routes:login:140 - Login successful for user ID: 12, email: refresh.nocookie@test.com
2026-06-13 22:49:11 | INFO     | app.routes.auth_routes:refresh:280 - POST /auth/refresh - Token refresh request
2026-06-13 22:49:11 | WARNING  | app.routes.auth_routes:refresh:301 - Token refresh rejected - Access token is still valid
2026-06-13 22:49:11 | INFO     | app.schemas.auth_schemas:validate_name:35 - Validating name: John
2026-06-13 22:49:11 | INFO     | app.schemas.auth_schemas:validate_name:41 - Name validation passed for: John
2026-06-13 22:49:11 | INFO     | app.schemas.auth_schemas:validate_name:35 - Validating name: Doe
2026-06-13 22:49:11 | INFO     | app.schemas.auth_schemas:validate_name:41 - Name validation passed for: Doe
2026-06-13 22:49:11 | INFO     | app.schemas.auth_schemas:validate_phone_number:48 - Validating phone number: 0912345678
2026-06-13 22:49:11 | INFO     | app.schemas.auth_schemas:validate_phone_number:59 - Phone number validation passed for: 0912345678
2026-06-13 22:49:11 | INFO     | app.schemas.auth_schemas:validate_password:66 - Validating password complexity
2026-06-13 22:49:11 | INFO     | app.schemas.auth_schemas:validate_password:76 - Password validation passed
2026-06-13 22:49:11 | INFO     | app.schemas.auth_schemas:validate_role:83 - Validating role: adopter
2026-06-13 22:49:11 | INFO     | app.schemas.auth_schemas:validate_role:87 - Role validation passed for: adopter
2026-06-13 22:49:11 | INFO     | app.routes.auth_routes:register:62 - POST /auth/register - Registration request for email: logout.blacklist@test.com
2026-06-13 22:49:11 | INFO     | app.services.auth_service:register_user:29 - Registration attempt for email: logout.blacklist@test.com
2026-06-13 22:49:12 | INFO     | app.services.auth_service:register_user:61 - Creating adopter user with email: logout.blacklist@test.com
2026-06-13 22:49:12 | INFO     | app.services.auth_service:register_user:75 - Registration successful for user ID: 13, email: logout.blacklist@test.com
2026-06-13 22:49:12 | INFO     | app.routes.auth_routes:register:78 - Registration successful - Adopter user ID: 13
2026-06-13 22:49:12 | INFO     | app.routes.auth_routes:login:123 - POST /auth/login - Login request for email: logout.blacklist@test.com
2026-06-13 22:49:12 | INFO     | app.services.auth_service:login_user:84 - Login attempt for email: logout.blacklist@test.com
2026-06-13 22:49:12 | INFO     | app.services.auth_service:login_user:104 - Generating tokens for user ID: 13, role: adopter
2026-06-13 22:49:12 | INFO     | app.services.auth_service:login_user:141 - Login successful for user ID: 13, email: logout.blacklist@test.com
2026-06-13 22:49:12 | INFO     | app.routes.auth_routes:login:140 - Login successful for user ID: 13, email: logout.blacklist@test.com
2026-06-13 22:49:12 | INFO     | app.routes.auth_routes:logout:362 - POST /auth/logout - Logout request
2026-06-13 22:49:12 | INFO     | app.routes.auth_routes:logout:388 - Access token added to blacklist
2026-06-13 22:49:12 | INFO     | app.services.auth_service:logout_user:300 - Logout attempt
2026-06-13 22:49:12 | INFO     | app.services.auth_service:logout_user:304 - Logout successful - refresh token deleted
2026-06-13 22:49:12 | INFO     | app.routes.auth_routes:logout:424 - Logout successful
2026-06-13 22:49:12 | INFO     | app.routes.auth_routes:logout:362 - POST /auth/logout - Logout request
2026-06-13 22:49:12 | WARNING  | app.routes.auth_routes:logout:367 - Logout failed - No active session found (no refresh token cookie)
2026-06-13 22:49:12 | INFO     | app.schemas.auth_schemas:validate_name:35 - Validating name: John
2026-06-13 22:49:12 | INFO     | app.schemas.auth_schemas:validate_name:41 - Name validation passed for: John
2026-06-13 22:49:12 | INFO     | app.schemas.auth_schemas:validate_name:35 - Validating name: Doe
2026-06-13 22:49:12 | INFO     | app.schemas.auth_schemas:validate_name:41 - Name validation passed for: Doe
2026-06-13 22:49:12 | INFO     | app.schemas.auth_schemas:validate_phone_number:48 - Validating phone number: 0912345678
2026-06-13 22:49:12 | INFO     | app.schemas.auth_schemas:validate_phone_number:59 - Phone number validation passed for: 0912345678
2026-06-13 22:49:12 | INFO     | app.schemas.auth_schemas:validate_password:66 - Validating password complexity
2026-06-13 22:49:12 | INFO     | app.schemas.auth_schemas:validate_password:76 - Password validation passed
2026-06-13 22:49:12 | INFO     | app.schemas.auth_schemas:validate_role:83 - Validating role: adopter
2026-06-13 22:49:12 | INFO     | app.schemas.auth_schemas:validate_role:87 - Role validation passed for: adopter
2026-06-13 22:49:12 | INFO     | app.routes.auth_routes:register:62 - POST /auth/register - Registration request for email: blacklist.protected@test.com
2026-06-13 22:49:12 | INFO     | app.services.auth_service:register_user:29 - Registration attempt for email: blacklist.protected@test.com
2026-06-13 22:49:12 | INFO     | app.services.auth_service:register_user:61 - Creating adopter user with email: blacklist.protected@test.com
2026-06-13 22:49:12 | INFO     | app.services.auth_service:register_user:75 - Registration successful for user ID: 14, email: blacklist.protected@test.com
2026-06-13 22:49:12 | INFO     | app.routes.auth_routes:register:78 - Registration successful - Adopter user ID: 14
2026-06-13 22:49:12 | INFO     | app.routes.auth_routes:login:123 - POST /auth/login - Login request for email: blacklist.protected@test.com
2026-06-13 22:49:12 | INFO     | app.services.auth_service:login_user:84 - Login attempt for email: blacklist.protected@test.com
2026-06-13 22:49:13 | INFO     | app.services.auth_service:login_user:104 - Generating tokens for user ID: 14, role: adopter
2026-06-13 22:49:13 | INFO     | app.services.auth_service:login_user:141 - Login successful for user ID: 14, email: blacklist.protected@test.com
2026-06-13 22:49:13 | INFO     | app.routes.auth_routes:login:140 - Login successful for user ID: 14, email: blacklist.protected@test.com
2026-06-13 22:49:13 | WARNING  | app.utils.jwt.jwt_utils:verify_token:100 - Token verification failed - Token expired
2026-06-13 22:49:13 | INFO     | app.schemas.auth_schemas:validate_name:35 - Validating name: Test
2026-06-13 22:49:13 | INFO     | app.schemas.auth_schemas:validate_name:41 - Name validation passed for: Test
2026-06-13 22:49:13 | INFO     | app.schemas.auth_schemas:validate_name:35 - Validating name: User
2026-06-13 22:49:13 | INFO     | app.schemas.auth_schemas:validate_name:41 - Name validation passed for: User
2026-06-13 22:49:13 | INFO     | app.schemas.auth_schemas:validate_phone_number:48 - Validating phone number: 0912345678
2026-06-13 22:49:13 | INFO     | app.schemas.auth_schemas:validate_phone_number:59 - Phone number validation passed for: 0912345678
2026-06-13 22:49:13 | INFO     | app.schemas.auth_schemas:validate_password:66 - Validating password complexity
2026-06-13 22:49:13 | INFO     | app.schemas.auth_schemas:validate_password:76 - Password validation passed
2026-06-13 22:49:13 | INFO     | app.schemas.auth_schemas:validate_role:83 - Validating role: adopter
2026-06-13 22:49:13 | INFO     | app.schemas.auth_schemas:validate_role:87 - Role validation passed for: adopter
2026-06-13 22:49:13 | INFO     | app.routes.auth_routes:register:62 - POST /auth/register - Registration request for email: validation.error@test.com
2026-06-13 22:49:13 | WARNING  | app.routes.auth_routes:register:98 - Registration failed - Validation error for email: validation.error@test.com
2026-06-13 22:49:13 | INFO     | app.schemas.auth_schemas:validate_name:35 - Validating name: Test
2026-06-13 22:49:13 | INFO     | app.schemas.auth_schemas:validate_name:41 - Name validation passed for: Test
2026-06-13 22:49:13 | INFO     | app.schemas.auth_schemas:validate_name:35 - Validating name: User
2026-06-13 22:49:13 | INFO     | app.schemas.auth_schemas:validate_name:41 - Name validation passed for: User
2026-06-13 22:49:13 | INFO     | app.schemas.auth_schemas:validate_phone_number:48 - Validating phone number: 0912345678
2026-06-13 22:49:13 | INFO     | app.schemas.auth_schemas:validate_phone_number:59 - Phone number validation passed for: 0912345678
2026-06-13 22:49:13 | INFO     | app.schemas.auth_schemas:validate_password:66 - Validating password complexity
2026-06-13 22:49:13 | INFO     | app.schemas.auth_schemas:validate_password:76 - Password validation passed
2026-06-13 22:49:13 | INFO     | app.schemas.auth_schemas:validate_role:83 - Validating role: adopter
2026-06-13 22:49:13 | INFO     | app.schemas.auth_schemas:validate_role:87 - Role validation passed for: adopter
2026-06-13 22:49:13 | INFO     | app.routes.auth_routes:register:62 - POST /auth/register - Registration request for email: internal.error@test.com
2026-06-13 22:49:13 | ERROR    | app.routes.auth_routes:register:109 - Registration failed - Internal server error for email: internal.error@test.com, error: Database connection failed
2026-06-13 22:49:13 | INFO     | app.routes.auth_routes:login:123 - POST /auth/login - Login request for email: test@test.com
2026-06-13 22:49:13 | ERROR    | app.routes.auth_routes:login:167 - Login failed - Internal server error for email: test@test.com, error: Database connection failed
2026-06-13 22:49:13 | INFO     | app.routes.auth_routes:refresh:280 - POST /auth/refresh - Token refresh request
2026-06-13 22:49:13 | ERROR    | app.routes.auth_routes:refresh:347 - Token refresh failed - Internal server error: Redis connection failed
2026-06-13 22:49:13 | INFO     | app.routes.auth_routes:logout:362 - POST /auth/logout - Logout request
2026-06-13 22:49:13 | INFO     | app.routes.auth_routes:logout:388 - Access token added to blacklist
2026-06-13 22:49:13 | ERROR    | app.routes.auth_routes:logout:429 - Logout failed - Internal server error: Redis connection failed
2026-06-13 22:49:13 | INFO     | app.routes.backblaze_routes:upload_image:30 - POST /backblaze/upload - Image upload request from user: backblaze.admin@test.com
2026-06-13 22:49:13 | INFO     | app.services.backblaze_service:bucket_exists:51 - Backblaze bucket found: SmartAdopt-Develop
2026-06-13 22:49:13 | INFO     | app.services.backblaze_service:upload_image_to_backblaze:62 - Uploading image to Backblaze: test.jpg
2026-06-13 22:49:13 | INFO     | app.services.backblaze_service:upload_image_to_backblaze:85 - Image uploaded successfully to Backblaze: 6df4f044-b4cc-42ab-b2e3-e35debfddef8.jpg -> https://f002.backblazeb2.com/file/test-bucket/uuid.jpg
2026-06-13 22:49:13 | INFO     | app.routes.backblaze_routes:upload_image:68 - Image uploaded successfully: test.jpg -> https://f002.backblazeb2.com/file/test-bucket/uuid.jpg
2026-06-13 22:49:13 | INFO     | app.routes.backblaze_routes:upload_image:30 - POST /backblaze/upload - Image upload request from user: backblaze.regular@test.com
2026-06-13 22:49:13 | WARNING  | app.routes.backblaze_routes:upload_image:37 - Image upload denied for user: backblaze.regular@test.com - role: adopter
2026-06-13 22:49:13 | WARNING  | app.utils.jwt.jwt_utils:verify_token:78 - Token verification failed - No credentials provided
2026-06-13 22:49:13 | INFO     | app.routes.backblaze_routes:upload_image:30 - POST /backblaze/upload - Image upload request from user: backblaze.admin2@test.com
2026-06-13 22:49:13 | WARNING  | app.routes.backblaze_routes:upload_image:58 - Image upload failed - Invalid file type: application/pdf
2026-06-13 22:49:13 | INFO     | app.routes.backblaze_routes:upload_image:30 - POST /backblaze/upload - Image upload request from user: backblaze.admin3@test.com
2026-06-13 22:49:13 | ERROR    | app.routes.backblaze_routes:upload_image:47 - Image upload failed - Backblaze bucket not found
2026-06-13 22:49:13 | INFO     | app.routes.backblaze_routes:upload_image:30 - POST /backblaze/upload - Image upload request from user: backblaze.admin4@test.com
2026-06-13 22:49:13 | INFO     | app.services.backblaze_service:bucket_exists:51 - Backblaze bucket found: SmartAdopt-Develop
2026-06-13 22:49:13 | INFO     | app.services.backblaze_service:upload_image_to_backblaze:62 - Uploading image to Backblaze: test.jpg
2026-06-13 22:49:13 | ERROR    | app.services.backblaze_service:upload_image_to_backblaze:91 - Failed to upload image to Backblaze: Upload failed
2026-06-13 22:49:13 | ERROR    | app.routes.backblaze_routes:upload_image:81 - Image upload failed - error: Failed to upload image to Backblaze
2026-06-13 22:49:13 | INFO     | app.routes.auth_routes:google_callback:206 - GET /auth/google/callback - OAuth callback received
2026-06-13 22:49:13 | INFO     | app.routes.auth_routes:google_callback:216 - OAuth callback - User info received for email: google.user@gmail.com
2026-06-13 22:49:13 | INFO     | app.services.auth_service:oauth_login_or_register:150 - OAuth login/registration attempt for email: google.user@gmail.com, role: adopter
2026-06-13 22:49:13 | INFO     | app.services.auth_service:oauth_login_or_register:208 - OAuth auto-registration for new user: google.user@gmail.com
2026-06-13 22:49:13 | INFO     | app.services.auth_service:oauth_login_or_register:249 - OAuth auto-registration successful for user ID: 20, email: google.user@gmail.com
2026-06-13 22:49:13 | INFO     | app.routes.auth_routes:google_callback:257 - OAuth callback successful for user ID: 20
2026-06-13 22:49:13 | INFO     | app.schemas.auth_schemas:validate_name:35 - Validating name: Existing
2026-06-13 22:49:13 | INFO     | app.schemas.auth_schemas:validate_name:41 - Name validation passed for: Existing
2026-06-13 22:49:13 | INFO     | app.schemas.auth_schemas:validate_name:35 - Validating name: User
2026-06-13 22:49:13 | INFO     | app.schemas.auth_schemas:validate_name:41 - Name validation passed for: User
2026-06-13 22:49:13 | INFO     | app.schemas.auth_schemas:validate_phone_number:48 - Validating phone number: 0912345678
2026-06-13 22:49:13 | INFO     | app.schemas.auth_schemas:validate_phone_number:59 - Phone number validation passed for: 0912345678
2026-06-13 22:49:13 | INFO     | app.schemas.auth_schemas:validate_password:66 - Validating password complexity
2026-06-13 22:49:13 | INFO     | app.schemas.auth_schemas:validate_password:76 - Password validation passed
2026-06-13 22:49:13 | INFO     | app.schemas.auth_schemas:validate_role:83 - Validating role: adopter
2026-06-13 22:49:13 | INFO     | app.schemas.auth_schemas:validate_role:87 - Role validation passed for: adopter
2026-06-13 22:49:13 | INFO     | app.services.auth_service:register_user:29 - Registration attempt for email: existing.user@gmail.com
2026-06-13 22:49:13 | INFO     | app.services.auth_service:register_user:61 - Creating adopter user with email: existing.user@gmail.com
2026-06-13 22:49:13 | INFO     | app.services.auth_service:register_user:75 - Registration successful for user ID: 21, email: existing.user@gmail.com
2026-06-13 22:49:13 | INFO     | app.routes.auth_routes:google_callback:206 - GET /auth/google/callback - OAuth callback received
2026-06-13 22:49:13 | INFO     | app.routes.auth_routes:google_callback:216 - OAuth callback - User info received for email: existing.user@gmail.com
2026-06-13 22:49:13 | INFO     | app.services.auth_service:oauth_login_or_register:150 - OAuth login/registration attempt for email: existing.user@gmail.com, role: adopter
2026-06-13 22:49:13 | INFO     | app.services.auth_service:oauth_login_or_register:164 - OAuth login - existing user found: existing.user@gmail.com
2026-06-13 22:49:13 | INFO     | app.services.auth_service:oauth_login_or_register:191 - OAuth login successful for user ID: 21, email: existing.user@gmail.com
2026-06-13 22:49:13 | INFO     | app.routes.auth_routes:google_callback:257 - OAuth callback successful for user ID: 21
2026-06-13 22:49:14 | INFO     | app.routes.auth_routes:google_callback:206 - GET /auth/google/callback - OAuth callback received
2026-06-13 22:49:14 | INFO     | app.routes.auth_routes:google_callback:216 - OAuth callback - User info received for email: admin.user@gmail.com
2026-06-13 22:49:14 | INFO     | app.services.auth_service:oauth_login_or_register:150 - OAuth login/registration attempt for email: admin.user@gmail.com, role: admin
2026-06-13 22:49:14 | INFO     | app.services.auth_service:oauth_login_or_register:208 - OAuth auto-registration for new user: admin.user@gmail.com
2026-06-13 22:49:14 | INFO     | app.services.auth_service:oauth_login_or_register:249 - OAuth auto-registration successful for user ID: 22, email: admin.user@gmail.com
2026-06-13 22:49:14 | INFO     | app.routes.auth_routes:google_callback:257 - OAuth callback successful for user ID: 22
2026-06-13 22:49:14 | INFO     | app.routes.auth_routes:google_callback:206 - GET /auth/google/callback - OAuth callback received
2026-06-13 22:49:14 | ERROR    | app.routes.auth_routes:google_callback:261 - OAuth callback failed - error: Google auth failed
2026-06-13 22:49:14 | INFO     | app.routes.auth_routes:login_google:182 - GET /auth/login/google - OAuth login request with role: adopter
2026-06-13 22:49:14 | INFO     | app.routes.auth_routes:login_google:187 - Redirecting to Google OAuth with redirect URI: http://localhost:8000/auth/google/callback
2026-06-13 22:49:14 | INFO     | app.routes.auth_routes:login_google:182 - GET /auth/login/google - OAuth login request with role: adopter
2026-06-13 22:49:14 | INFO     | app.routes.auth_routes:login_google:187 - Redirecting to Google OAuth with redirect URI: http://localhost:8000/auth/google/callback
2026-06-13 22:49:14 | ERROR    | app.routes.auth_routes:login_google:190 - OAuth redirect failed - error: OAuth not available
2026-06-13 22:49:14 | INFO     | app.utils.oauth.google_oauth:get_google_oauth:16 - Initializing Google OAuth
2026-06-13 22:49:14 | INFO     | app.utils.oauth.google_oauth:get_google_oauth:25 - Google OAuth registered successfully
