2026-06-18 14:41:26 | ERROR    | app.routes.auth_routes:register:112 - Registration failed - Internal server error for email: internal.error@test.com, error: Database connection failed
2026-06-18 14:41:26 | ERROR    | app.routes.auth_routes:login:172 - Login failed - Internal server error for email: test@test.com, error: Database connection failed
2026-06-18 14:41:26 | ERROR    | app.routes.auth_routes:refresh:394 - Token refresh failed - Internal server error: Redis connection failed
2026-06-18 14:41:26 | ERROR    | app.routes.auth_routes:logout:476 - Logout failed - Internal server error: Redis connection failed
2026-06-18 14:41:26 | ERROR    | app.routes.backblaze_routes:upload_image:47 - Image upload failed - Backblaze bucket not found
2026-06-18 14:41:26 | ERROR    | app.services.backblaze_service:upload_image_to_backblaze:91 - Failed to upload image to Backblaze: Upload failed
2026-06-18 14:41:26 | ERROR    | app.routes.backblaze_routes:upload_image:81 - Image upload failed - error: Failed to upload image to Backblaze
2026-06-18 14:41:27 | ERROR    | app.routes.auth_routes:google_callback:308 - OAuth callback failed - error: Google auth failed
Traceback (most recent call last):

  File "C:\Users\javie\AppData\Local\Python\pythoncore-3.14-64\Lib\threading.py", line 1044, in _bootstrap
    self._bootstrap_inner()
    │    └ <function Thread._bootstrap_inner at 0x000001F9BE626CF0>
    └ <Thread(asyncio-portal-1f9c73abcb0, started daemon 38328)>
  File "C:\Users\javie\AppData\Local\Python\pythoncore-3.14-64\Lib\threading.py", line 1082, in _bootstrap_inner
    self._context.run(self.run)
    │    │        │   │    └ <function Thread.run at 0x000001F9BE626980>
    │    │        │   └ <Thread(asyncio-portal-1f9c73abcb0, started daemon 38328)>
    │    │        └ <method 'run' of '_contextvars.Context' objects>
    │    └ <_contextvars.Context object at 0x000001F9C72F7AC0>
    └ <Thread(asyncio-portal-1f9c73abcb0, started daemon 38328)>
  File "C:\Users\javie\AppData\Local\Python\pythoncore-3.14-64\Lib\threading.py", line 1024, in run
    self._target(*self._args, **self._kwargs)
    │    │        │    │        │    └ {}
    │    │        │    │        └ <Thread(asyncio-portal-1f9c73abcb0, started daemon 38328)>
    │    │        │    └ ()
    │    │        └ <Thread(asyncio-portal-1f9c73abcb0, started daemon 38328)>
    │    └ <function start_blocking_portal.<locals>.run_blocking_portal at 0x000001F9C74845C0>
    └ <Thread(asyncio-portal-1f9c73abcb0, started daemon 38328)>
  File "C:\Users\javie\AppData\Local\Python\pythoncore-3.14-64\Lib\site-packages\anyio\from_thread.py", line 532, in run_blocking_portal
    run_eventloop(
    └ <function run at 0x000001F9BF5E35E0>
  File "C:\Users\javie\AppData\Local\Python\pythoncore-3.14-64\Lib\site-packages\anyio\_core\_eventloop.py", line 77, in run
    return async_backend.run(func, args, {}, backend_options)
           │             │   │     │         └ {}
           │             │   │     └ ()
           │             │   └ <function start_blocking_portal.<locals>.run_portal at 0x000001F9C7484B40>
           │             └ <classmethod(<function AsyncIOBackend.run at 0x000001F9C1299C70>)>
           └ <class 'anyio._backends._asyncio.AsyncIOBackend'>
  File "C:\Users\javie\AppData\Local\Python\pythoncore-3.14-64\Lib\site-packages\anyio\_backends\_asyncio.py", line 2358, in run
    return runner.run(wrapper())
           │      │   └ <function start_blocking_portal.<locals>.run_portal at 0x000001F9C7485430>
           │      └ <function Runner.run at 0x000001F9C120C250>
           └ <asyncio.runners.Runner object at 0x000001F9C7462050>
  File "C:\Users\javie\AppData\Local\Python\pythoncore-3.14-64\Lib\asyncio\runners.py", line 127, in run
    return self._loop.run_until_complete(task)
           │    │     │                  └ <Task pending name='anyio.from_thread.start_blocking_portal.<locals>.run_portal' coro=<start_blocking_portal.<locals>.run_por...
           │    │     └ <function BaseEventLoop.run_until_complete at 0x000001F9C11F4670>
           │    └ <ProactorEventLoop running=True closed=False debug=False>
           └ <asyncio.runners.Runner object at 0x000001F9C7462050>
  File "C:\Users\javie\AppData\Local\Python\pythoncore-3.14-64\Lib\asyncio\base_events.py", line 706, in run_until_complete
    self.run_forever()
    │    └ <function BaseEventLoop.run_forever at 0x000001F9C11F45C0>
    └ <ProactorEventLoop running=True closed=False debug=False>
  File "C:\Users\javie\AppData\Local\Python\pythoncore-3.14-64\Lib\asyncio\base_events.py", line 677, in run_forever
    self._run_once()
    │    └ <function BaseEventLoop._run_once at 0x000001F9C11F66C0>
    └ <ProactorEventLoop running=True closed=False debug=False>
  File "C:\Users\javie\AppData\Local\Python\pythoncore-3.14-64\Lib\asyncio\base_events.py", line 2057, in _run_once
    handle._run()
    │      └ <function Handle._run at 0x000001F9C1106AE0>
    └ <Handle Task.task_wakeup()>
  File "C:\Users\javie\AppData\Local\Python\pythoncore-3.14-64\Lib\asyncio\events.py", line 94, in _run
    self._context.run(self._callback, *self._args)
    │    │            │    │           │    └ <member '_args' of 'Handle' objects>
    │    │            │    │           └ <Handle Task.task_wakeup()>
    │    │            │    └ <member '_callback' of 'Handle' objects>
    │    │            └ <Handle Task.task_wakeup()>
    │    └ <member '_context' of 'Handle' objects>
    └ <Handle Task.task_wakeup()>
  File "C:\Users\javie\AppData\Local\Python\pythoncore-3.14-64\Lib\site-packages\starlette\middleware\base.py", line 144, in coro
    await self.app(scope, receive_or_disconnect, send_no_error)
          │    │   │      │                      └ <function BaseHTTPMiddleware.__call__.<locals>.call_next.<locals>.send_no_error at 0x000001F9C7486C40>
          │    │   │      └ <function BaseHTTPMiddleware.__call__.<locals>.call_next.<locals>.receive_or_disconnect at 0x000001F9C7486AE0>
          │    │   └ {'type': 'http', 'http_version': '1.1', 'method': 'GET', 'path': '/auth/google/callback', 'raw_path': b'/auth/google/callback...
          │    └ <starlette.middleware.cors.CORSMiddleware object at 0x000001F9C6C71FD0>
          └ <app.main.RequestLoggingMiddleware object at 0x000001F9C6C72120>
  File "C:\Users\javie\AppData\Local\Python\pythoncore-3.14-64\Lib\site-packages\starlette\middleware\cors.py", line 88, in __call__
    await self.app(scope, receive, send)
          │    │   │      │        └ <function BaseHTTPMiddleware.__call__.<locals>.call_next.<locals>.send_no_error at 0x000001F9C7486C40>
          │    │   │      └ <function BaseHTTPMiddleware.__call__.<locals>.call_next.<locals>.receive_or_disconnect at 0x000001F9C7486AE0>
          │    │   └ {'type': 'http', 'http_version': '1.1', 'method': 'GET', 'path': '/auth/google/callback', 'raw_path': b'/auth/google/callback...
          │    └ <starlette.middleware.sessions.SessionMiddleware object at 0x000001F9C6C71BE0>
          └ <starlette.middleware.cors.CORSMiddleware object at 0x000001F9C6C71FD0>
  File "C:\Users\javie\AppData\Local\Python\pythoncore-3.14-64\Lib\site-packages\starlette\middleware\sessions.py", line 88, in __call__
    await self.app(scope, receive, send_wrapper)
          │    │   │      │        └ <function SessionMiddleware.__call__.<locals>.send_wrapper at 0x000001F9C7487060>
          │    │   │      └ <function BaseHTTPMiddleware.__call__.<locals>.call_next.<locals>.receive_or_disconnect at 0x000001F9C7486AE0>
          │    │   └ {'type': 'http', 'http_version': '1.1', 'method': 'GET', 'path': '/auth/google/callback', 'raw_path': b'/auth/google/callback...
          │    └ <starlette.middleware.exceptions.ExceptionMiddleware object at 0x000001F9C6C71A90>
          └ <starlette.middleware.sessions.SessionMiddleware object at 0x000001F9C6C71BE0>
  File "C:\Users\javie\AppData\Local\Python\pythoncore-3.14-64\Lib\site-packages\starlette\middleware\exceptions.py", line 63, in __call__
    await wrap_app_handling_exceptions(self.app, conn)(scope, receive, send)
          │                            │    │    │     │      │        └ <function SessionMiddleware.__call__.<locals>.send_wrapper at 0x000001F9C7487060>
          │                            │    │    │     │      └ <function BaseHTTPMiddleware.__call__.<locals>.call_next.<locals>.receive_or_disconnect at 0x000001F9C7486AE0>
          │                            │    │    │     └ {'type': 'http', 'http_version': '1.1', 'method': 'GET', 'path': '/auth/google/callback', 'raw_path': b'/auth/google/callback...
          │                            │    │    └ <starlette.requests.Request object at 0x000001F9C7487120>
          │                            │    └ <fastapi.middleware.asyncexitstack.AsyncExitStackMiddleware object at 0x000001F9C6C71940>
          │                            └ <starlette.middleware.exceptions.ExceptionMiddleware object at 0x000001F9C6C71A90>
          └ <function wrap_app_handling_exceptions at 0x000001F9C3A08E00>
  File "C:\Users\javie\AppData\Local\Python\pythoncore-3.14-64\Lib\site-packages\starlette\_exception_handler.py", line 42, in wrapped_app
    await app(scope, receive, sender)
          │   │      │        └ <function wrap_app_handling_exceptions.<locals>.wrapped_app.<locals>.sender at 0x000001F9C74873D0>
          │   │      └ <function BaseHTTPMiddleware.__call__.<locals>.call_next.<locals>.receive_or_disconnect at 0x000001F9C7486AE0>
          │   └ {'type': 'http', 'http_version': '1.1', 'method': 'GET', 'path': '/auth/google/callback', 'raw_path': b'/auth/google/callback...
          └ <fastapi.middleware.asyncexitstack.AsyncExitStackMiddleware object at 0x000001F9C6C71940>
  File "C:\Users\javie\AppData\Local\Python\pythoncore-3.14-64\Lib\site-packages\fastapi\middleware\asyncexitstack.py", line 18, in __call__
    await self.app(scope, receive, send)
          │    │   │      │        └ <function wrap_app_handling_exceptions.<locals>.wrapped_app.<locals>.sender at 0x000001F9C74873D0>
          │    │   │      └ <function BaseHTTPMiddleware.__call__.<locals>.call_next.<locals>.receive_or_disconnect at 0x000001F9C7486AE0>
          │    │   └ {'type': 'http', 'http_version': '1.1', 'method': 'GET', 'path': '/auth/google/callback', 'raw_path': b'/auth/google/callback...
          │    └ <fastapi.routing.APIRouter object at 0x000001F9C6916F10>
          └ <fastapi.middleware.asyncexitstack.AsyncExitStackMiddleware object at 0x000001F9C6C71940>
  File "C:\Users\javie\AppData\Local\Python\pythoncore-3.14-64\Lib\site-packages\starlette\routing.py", line 660, in __call__
    await self.middleware_stack(scope, receive, send)
          │    │                │      │        └ <function wrap_app_handling_exceptions.<locals>.wrapped_app.<locals>.sender at 0x000001F9C74873D0>
          │    │                │      └ <function BaseHTTPMiddleware.__call__.<locals>.call_next.<locals>.receive_or_disconnect at 0x000001F9C7486AE0>
          │    │                └ {'type': 'http', 'http_version': '1.1', 'method': 'GET', 'path': '/auth/google/callback', 'raw_path': b'/auth/google/callback...
          │    └ <bound method Router.app of <fastapi.routing.APIRouter object at 0x000001F9C6916F10>>
          └ <fastapi.routing.APIRouter object at 0x000001F9C6916F10>
  File "C:\Users\javie\AppData\Local\Python\pythoncore-3.14-64\Lib\site-packages\starlette\routing.py", line 680, in app
    await route.handle(scope, receive, send)
          │     │      │      │        └ <function wrap_app_handling_exceptions.<locals>.wrapped_app.<locals>.sender at 0x000001F9C74873D0>
          │     │      │      └ <function BaseHTTPMiddleware.__call__.<locals>.call_next.<locals>.receive_or_disconnect at 0x000001F9C7486AE0>
          │     │      └ {'type': 'http', 'http_version': '1.1', 'method': 'GET', 'path': '/auth/google/callback', 'raw_path': b'/auth/google/callback...
          │     └ <function Route.handle at 0x000001F9C3A0B950>
          └ APIRoute(path='/auth/google/callback', name='google_callback', methods=['GET'])
  File "C:\Users\javie\AppData\Local\Python\pythoncore-3.14-64\Lib\site-packages\starlette\routing.py", line 276, in handle
    await self.app(scope, receive, send)
          │    │   │      │        └ <function wrap_app_handling_exceptions.<locals>.wrapped_app.<locals>.sender at 0x000001F9C74873D0>
          │    │   │      └ <function BaseHTTPMiddleware.__call__.<locals>.call_next.<locals>.receive_or_disconnect at 0x000001F9C7486AE0>
          │    │   └ {'type': 'http', 'http_version': '1.1', 'method': 'GET', 'path': '/auth/google/callback', 'raw_path': b'/auth/google/callback...
          │    └ <function request_response.<locals>.app at 0x000001F9C69C7CC0>
          └ APIRoute(path='/auth/google/callback', name='google_callback', methods=['GET'])
  File "C:\Users\javie\AppData\Local\Python\pythoncore-3.14-64\Lib\site-packages\fastapi\routing.py", line 134, in app
    await wrap_app_handling_exceptions(app, request)(scope, receive, send)
          │                            │    │        │      │        └ <function wrap_app_handling_exceptions.<locals>.wrapped_app.<locals>.sender at 0x000001F9C74873D0>
          │                            │    │        │      └ <function BaseHTTPMiddleware.__call__.<locals>.call_next.<locals>.receive_or_disconnect at 0x000001F9C7486AE0>
          │                            │    │        └ {'type': 'http', 'http_version': '1.1', 'method': 'GET', 'path': '/auth/google/callback', 'raw_path': b'/auth/google/callback...
          │                            │    └ <starlette.requests.Request object at 0x000001F9C7487490>
          │                            └ <function request_response.<locals>.app.<locals>.app at 0x000001F9C74875E0>
          └ <function wrap_app_handling_exceptions at 0x000001F9C3A08E00>
  File "C:\Users\javie\AppData\Local\Python\pythoncore-3.14-64\Lib\site-packages\starlette\_exception_handler.py", line 42, in wrapped_app
    await app(scope, receive, sender)
          │   │      │        └ <function wrap_app_handling_exceptions.<locals>.wrapped_app.<locals>.sender at 0x000001F9C74878A0>
          │   │      └ <function BaseHTTPMiddleware.__call__.<locals>.call_next.<locals>.receive_or_disconnect at 0x000001F9C7486AE0>
          │   └ {'type': 'http', 'http_version': '1.1', 'method': 'GET', 'path': '/auth/google/callback', 'raw_path': b'/auth/google/callback...
          └ <function request_response.<locals>.app.<locals>.app at 0x000001F9C74875E0>
  File "C:\Users\javie\AppData\Local\Python\pythoncore-3.14-64\Lib\site-packages\fastapi\routing.py", line 120, in app
    response = await f(request)
                     │ └ <starlette.requests.Request object at 0x000001F9C7487490>
                     └ <function get_request_handler.<locals>.app at 0x000001F9C69C7B60>
  File "C:\Users\javie\AppData\Local\Python\pythoncore-3.14-64\Lib\site-packages\fastapi\routing.py", line 674, in app
    raw_response = await run_endpoint_function(
                         └ <function run_endpoint_function at 0x000001F9C3A34460>
  File "C:\Users\javie\AppData\Local\Python\pythoncore-3.14-64\Lib\site-packages\fastapi\routing.py", line 328, in run_endpoint_function
    return await dependant.call(**values)
                 │         │      └ {'db': <sqlalchemy.orm.session.Session object at 0x000001F9C20723F0>, 'role': 'adopter', 'request': <starlette.requests.Reque...
                 │         └ <function google_callback at 0x000001F9C4BEFED0>
                 └ Dependant(path_params=[], query_params=[ModelField(field_info=Query(adopter), name='role', mode='validation', config=None)], ...

> File "C:\Users\javie\Downloads\SMARTADOPT\SmartAdoptApp\backend\app\routes\auth_routes.py", line 229, in google_callback
    token = await oauth.google.authorize_access_token(request)
                  │     │      │                      └ <starlette.requests.Request object at 0x000001F9C7487490>
                  │     │      └ <AsyncMock name='get_google_oauth().google.authorize_access_token' id='2172301801328'>
                  │     └ <AsyncMock name='get_google_oauth().google' id='2172301800656'>
                  └ <MagicMock name='get_google_oauth()' id='2172301800320'>

  File "C:\Users\javie\AppData\Local\Python\pythoncore-3.14-64\Lib\unittest\mock.py", line 2333, in _execute_mock_call
    raise effect
          └ ValueError('Google auth failed')

ValueError: Google auth failed
2026-06-18 14:41:27 | ERROR    | app.routes.auth_routes:login_google:208 - OAuth redirect failed - error: OAuth not available
2026-06-18 14:41:28 | ERROR    | app.services.backblaze_service:get_b2_api:33 - Failed to authorize with Backblaze: Invalid authorization token. Server said:  (bad_auth_token)
2026-06-18 14:41:28 | ERROR    | app.services.backblaze_service:get_image_url:112 - Failed to get public URL for file: Failed to authorize with Backblaze
2026-06-18 14:41:28 | ERROR    | app.services.pet_service:register_pet:63 - Failed to get image URL from Backblaze: Failed to get public URL for file
2026-06-18 14:41:29 | ERROR    | app.schemas.pet_schemas:validate_animal_breed:86 - First element of animal_breed must be either 'dog' or 'cat', got: cow
2026-06-18 14:41:29 | ERROR    | app.schemas.pet_schemas:validate_url:67 - Image URL is required and cannot be empty
2026-06-18 14:41:29 | ERROR    | app.schemas.pet_schemas:validate_url:70 - Invalid URL format, must start with http:// or https://, got: invalid-url
2026-06-18 14:41:29 | ERROR    | app.schemas.pet_schemas:validate_age:42 - Age exceeds realistic maximum (15 years), got: 20
2026-06-18 14:41:29 | ERROR    | app.schemas.pet_schemas:validate_weight:56 - Weight exceeds realistic maximum (10 kg), got: 15.0
2026-06-18 14:41:29 | ERROR    | app.services.backblaze_service:get_b2_api:33 - Failed to authorize with Backblaze: Invalid authorization token. Server said:  (bad_auth_token)
2026-06-18 14:41:29 | ERROR    | app.services.backblaze_service:get_image_url:112 - Failed to get public URL for file: Failed to authorize with Backblaze
2026-06-18 14:41:29 | ERROR    | app.services.pet_service:register_pet:63 - Failed to get image URL from Backblaze: Failed to get public URL for file
2026-06-18 14:41:29 | ERROR    | app.services.pet_service:list_pets:225 - Failed to retrieve pets from MongoDB: 'async for' requires an object with __aiter__ method, got coroutine
2026-06-18 14:41:29 | ERROR    | app.routes.pet_routes:list_pets_route:136 - Unexpected error during pet listing: Failed to retrieve pets from database
2026-06-18 14:52:29 | ERROR    | app.routes.auth_routes:register:112 - Registration failed - Internal server error for email: internal.error@test.com, error: Database connection failed
2026-06-18 14:52:29 | ERROR    | app.routes.auth_routes:login:172 - Login failed - Internal server error for email: test@test.com, error: Database connection failed
2026-06-18 14:52:29 | ERROR    | app.routes.auth_routes:refresh:394 - Token refresh failed - Internal server error: Redis connection failed
2026-06-18 14:52:29 | ERROR    | app.routes.auth_routes:logout:476 - Logout failed - Internal server error: Redis connection failed
2026-06-18 14:52:29 | ERROR    | app.routes.backblaze_routes:upload_image:47 - Image upload failed - Backblaze bucket not found
2026-06-18 14:52:29 | ERROR    | app.services.backblaze_service:upload_image_to_backblaze:91 - Failed to upload image to Backblaze: Upload failed
2026-06-18 14:52:29 | ERROR    | app.routes.backblaze_routes:upload_image:81 - Image upload failed - error: Failed to upload image to Backblaze
2026-06-18 14:52:30 | ERROR    | app.routes.auth_routes:google_callback:308 - OAuth callback failed - error: Google auth failed
Traceback (most recent call last):

  File "C:\Users\javie\AppData\Local\Python\pythoncore-3.14-64\Lib\threading.py", line 1044, in _bootstrap
    self._bootstrap_inner()
    │    └ <function Thread._bootstrap_inner at 0x000002B993166CF0>
    └ <Thread(asyncio-portal-2b99beb3540, started daemon 35328)>
  File "C:\Users\javie\AppData\Local\Python\pythoncore-3.14-64\Lib\threading.py", line 1082, in _bootstrap_inner
    self._context.run(self.run)
    │    │        │   │    └ <function Thread.run at 0x000002B993166980>
    │    │        │   └ <Thread(asyncio-portal-2b99beb3540, started daemon 35328)>
    │    │        └ <method 'run' of '_contextvars.Context' objects>
    │    └ <_contextvars.Context object at 0x000002B99BECE180>
    └ <Thread(asyncio-portal-2b99beb3540, started daemon 35328)>
  File "C:\Users\javie\AppData\Local\Python\pythoncore-3.14-64\Lib\threading.py", line 1024, in run
    self._target(*self._args, **self._kwargs)
    │    │        │    │        │    └ {}
    │    │        │    │        └ <Thread(asyncio-portal-2b99beb3540, started daemon 35328)>
    │    │        │    └ ()
    │    │        └ <Thread(asyncio-portal-2b99beb3540, started daemon 35328)>
    │    └ <function start_blocking_portal.<locals>.run_blocking_portal at 0x000002B99BFA83B0>
    └ <Thread(asyncio-portal-2b99beb3540, started daemon 35328)>
  File "C:\Users\javie\AppData\Local\Python\pythoncore-3.14-64\Lib\site-packages\anyio\from_thread.py", line 532, in run_blocking_portal
    run_eventloop(
    └ <function run at 0x000002B9940E35E0>
  File "C:\Users\javie\AppData\Local\Python\pythoncore-3.14-64\Lib\site-packages\anyio\_core\_eventloop.py", line 77, in run
    return async_backend.run(func, args, {}, backend_options)
           │             │   │     │         └ {}
           │             │   │     └ ()
           │             │   └ <function start_blocking_portal.<locals>.run_portal at 0x000002B99BFA8BF0>
           │             └ <classmethod(<function AsyncIOBackend.run at 0x000002B995D69C70>)>
           └ <class 'anyio._backends._asyncio.AsyncIOBackend'>
  File "C:\Users\javie\AppData\Local\Python\pythoncore-3.14-64\Lib\site-packages\anyio\_backends\_asyncio.py", line 2358, in run
    return runner.run(wrapper())
           │      │   └ <function start_blocking_portal.<locals>.run_portal at 0x000002B99BFA8300>
           │      └ <function Runner.run at 0x000002B995CDC250>
           └ <asyncio.runners.Runner object at 0x000002B99BF2ACD0>
  File "C:\Users\javie\AppData\Local\Python\pythoncore-3.14-64\Lib\asyncio\runners.py", line 127, in run
    return self._loop.run_until_complete(task)
           │    │     │                  └ <Task pending name='anyio.from_thread.start_blocking_portal.<locals>.run_portal' coro=<start_blocking_portal.<locals>.run_por...
           │    │     └ <function BaseEventLoop.run_until_complete at 0x000002B995CC4670>
           │    └ <ProactorEventLoop running=True closed=False debug=False>
           └ <asyncio.runners.Runner object at 0x000002B99BF2ACD0>
  File "C:\Users\javie\AppData\Local\Python\pythoncore-3.14-64\Lib\asyncio\base_events.py", line 706, in run_until_complete
    self.run_forever()
    │    └ <function BaseEventLoop.run_forever at 0x000002B995CC45C0>
    └ <ProactorEventLoop running=True closed=False debug=False>
  File "C:\Users\javie\AppData\Local\Python\pythoncore-3.14-64\Lib\asyncio\base_events.py", line 677, in run_forever
    self._run_once()
    │    └ <function BaseEventLoop._run_once at 0x000002B995CC66C0>
    └ <ProactorEventLoop running=True closed=False debug=False>
  File "C:\Users\javie\AppData\Local\Python\pythoncore-3.14-64\Lib\asyncio\base_events.py", line 2057, in _run_once
    handle._run()
    │      └ <function Handle._run at 0x000002B995BD6AE0>
    └ <Handle Task.task_wakeup()>
  File "C:\Users\javie\AppData\Local\Python\pythoncore-3.14-64\Lib\asyncio\events.py", line 94, in _run
    self._context.run(self._callback, *self._args)
    │    │            │    │           │    └ <member '_args' of 'Handle' objects>
    │    │            │    │           └ <Handle Task.task_wakeup()>
    │    │            │    └ <member '_callback' of 'Handle' objects>
    │    │            └ <Handle Task.task_wakeup()>
    │    └ <member '_context' of 'Handle' objects>
    └ <Handle Task.task_wakeup()>
  File "C:\Users\javie\AppData\Local\Python\pythoncore-3.14-64\Lib\site-packages\starlette\middleware\base.py", line 144, in coro
    await self.app(scope, receive_or_disconnect, send_no_error)
          │    │   │      │                      └ <function BaseHTTPMiddleware.__call__.<locals>.call_next.<locals>.send_no_error at 0x000002B99BFAA090>
          │    │   │      └ <function BaseHTTPMiddleware.__call__.<locals>.call_next.<locals>.receive_or_disconnect at 0x000002B99BFA9F30>
          │    │   └ {'type': 'http', 'http_version': '1.1', 'method': 'GET', 'path': '/auth/google/callback', 'raw_path': b'/auth/google/callback...
          │    └ <starlette.middleware.cors.CORSMiddleware object at 0x000002B99B726510>
          └ <app.main.RequestLoggingMiddleware object at 0x000002B99B726660>
  File "C:\Users\javie\AppData\Local\Python\pythoncore-3.14-64\Lib\site-packages\starlette\middleware\cors.py", line 88, in __call__
    await self.app(scope, receive, send)
          │    │   │      │        └ <function BaseHTTPMiddleware.__call__.<locals>.call_next.<locals>.send_no_error at 0x000002B99BFAA090>
          │    │   │      └ <function BaseHTTPMiddleware.__call__.<locals>.call_next.<locals>.receive_or_disconnect at 0x000002B99BFA9F30>
          │    │   └ {'type': 'http', 'http_version': '1.1', 'method': 'GET', 'path': '/auth/google/callback', 'raw_path': b'/auth/google/callback...
          │    └ <starlette.middleware.sessions.SessionMiddleware object at 0x000002B99B726120>
          └ <starlette.middleware.cors.CORSMiddleware object at 0x000002B99B726510>
  File "C:\Users\javie\AppData\Local\Python\pythoncore-3.14-64\Lib\site-packages\starlette\middleware\sessions.py", line 88, in __call__
    await self.app(scope, receive, send_wrapper)
          │    │   │      │        └ <function SessionMiddleware.__call__.<locals>.send_wrapper at 0x000002B99BFAA4B0>
          │    │   │      └ <function BaseHTTPMiddleware.__call__.<locals>.call_next.<locals>.receive_or_disconnect at 0x000002B99BFA9F30>
          │    │   └ {'type': 'http', 'http_version': '1.1', 'method': 'GET', 'path': '/auth/google/callback', 'raw_path': b'/auth/google/callback...
          │    └ <starlette.middleware.exceptions.ExceptionMiddleware object at 0x000002B99B725FD0>
          └ <starlette.middleware.sessions.SessionMiddleware object at 0x000002B99B726120>
  File "C:\Users\javie\AppData\Local\Python\pythoncore-3.14-64\Lib\site-packages\starlette\middleware\exceptions.py", line 63, in __call__
    await wrap_app_handling_exceptions(self.app, conn)(scope, receive, send)
          │                            │    │    │     │      │        └ <function SessionMiddleware.__call__.<locals>.send_wrapper at 0x000002B99BFAA4B0>
          │                            │    │    │     │      └ <function BaseHTTPMiddleware.__call__.<locals>.call_next.<locals>.receive_or_disconnect at 0x000002B99BFA9F30>
          │                            │    │    │     └ {'type': 'http', 'http_version': '1.1', 'method': 'GET', 'path': '/auth/google/callback', 'raw_path': b'/auth/google/callback...
          │                            │    │    └ <starlette.requests.Request object at 0x000002B99BFAA570>
          │                            │    └ <fastapi.middleware.asyncexitstack.AsyncExitStackMiddleware object at 0x000002B99B725E80>
          │                            └ <starlette.middleware.exceptions.ExceptionMiddleware object at 0x000002B99B725FD0>
          └ <function wrap_app_handling_exceptions at 0x000002B998548E00>
  File "C:\Users\javie\AppData\Local\Python\pythoncore-3.14-64\Lib\site-packages\starlette\_exception_handler.py", line 42, in wrapped_app
    await app(scope, receive, sender)
          │   │      │        └ <function wrap_app_handling_exceptions.<locals>.wrapped_app.<locals>.sender at 0x000002B99BFAA820>
          │   │      └ <function BaseHTTPMiddleware.__call__.<locals>.call_next.<locals>.receive_or_disconnect at 0x000002B99BFA9F30>
          │   └ {'type': 'http', 'http_version': '1.1', 'method': 'GET', 'path': '/auth/google/callback', 'raw_path': b'/auth/google/callback...
          └ <fastapi.middleware.asyncexitstack.AsyncExitStackMiddleware object at 0x000002B99B725E80>
  File "C:\Users\javie\AppData\Local\Python\pythoncore-3.14-64\Lib\site-packages\fastapi\middleware\asyncexitstack.py", line 18, in __call__
    await self.app(scope, receive, send)
          │    │   │      │        └ <function wrap_app_handling_exceptions.<locals>.wrapped_app.<locals>.sender at 0x000002B99BFAA820>
          │    │   │      └ <function BaseHTTPMiddleware.__call__.<locals>.call_next.<locals>.receive_or_disconnect at 0x000002B99BFA9F30>
          │    │   └ {'type': 'http', 'http_version': '1.1', 'method': 'GET', 'path': '/auth/google/callback', 'raw_path': b'/auth/google/callback...
          │    └ <fastapi.routing.APIRouter object at 0x000002B999D2EBE0>
          └ <fastapi.middleware.asyncexitstack.AsyncExitStackMiddleware object at 0x000002B99B725E80>
  File "C:\Users\javie\AppData\Local\Python\pythoncore-3.14-64\Lib\site-packages\starlette\routing.py", line 660, in __call__
    await self.middleware_stack(scope, receive, send)
          │    │                │      │        └ <function wrap_app_handling_exceptions.<locals>.wrapped_app.<locals>.sender at 0x000002B99BFAA820>
          │    │                │      └ <function BaseHTTPMiddleware.__call__.<locals>.call_next.<locals>.receive_or_disconnect at 0x000002B99BFA9F30>
          │    │                └ {'type': 'http', 'http_version': '1.1', 'method': 'GET', 'path': '/auth/google/callback', 'raw_path': b'/auth/google/callback...
          │    └ <bound method Router.app of <fastapi.routing.APIRouter object at 0x000002B999D2EBE0>>
          └ <fastapi.routing.APIRouter object at 0x000002B999D2EBE0>
  File "C:\Users\javie\AppData\Local\Python\pythoncore-3.14-64\Lib\site-packages\starlette\routing.py", line 680, in app
    await route.handle(scope, receive, send)
          │     │      │      │        └ <function wrap_app_handling_exceptions.<locals>.wrapped_app.<locals>.sender at 0x000002B99BFAA820>
          │     │      │      └ <function BaseHTTPMiddleware.__call__.<locals>.call_next.<locals>.receive_or_disconnect at 0x000002B99BFA9F30>
          │     │      └ {'type': 'http', 'http_version': '1.1', 'method': 'GET', 'path': '/auth/google/callback', 'raw_path': b'/auth/google/callback...
          │     └ <function Route.handle at 0x000002B99854B950>
          └ APIRoute(path='/auth/google/callback', name='google_callback', methods=['GET'])
  File "C:\Users\javie\AppData\Local\Python\pythoncore-3.14-64\Lib\site-packages\starlette\routing.py", line 276, in handle
    await self.app(scope, receive, send)
          │    │   │      │        └ <function wrap_app_handling_exceptions.<locals>.wrapped_app.<locals>.sender at 0x000002B99BFAA820>
          │    │   │      └ <function BaseHTTPMiddleware.__call__.<locals>.call_next.<locals>.receive_or_disconnect at 0x000002B99BFA9F30>
          │    │   └ {'type': 'http', 'http_version': '1.1', 'method': 'GET', 'path': '/auth/google/callback', 'raw_path': b'/auth/google/callback...
          │    └ <function request_response.<locals>.app at 0x000002B99A503270>
          └ APIRoute(path='/auth/google/callback', name='google_callback', methods=['GET'])
  File "C:\Users\javie\AppData\Local\Python\pythoncore-3.14-64\Lib\site-packages\fastapi\routing.py", line 134, in app
    await wrap_app_handling_exceptions(app, request)(scope, receive, send)
          │                            │    │        │      │        └ <function wrap_app_handling_exceptions.<locals>.wrapped_app.<locals>.sender at 0x000002B99BFAA820>
          │                            │    │        │      └ <function BaseHTTPMiddleware.__call__.<locals>.call_next.<locals>.receive_or_disconnect at 0x000002B99BFA9F30>
          │                            │    │        └ {'type': 'http', 'http_version': '1.1', 'method': 'GET', 'path': '/auth/google/callback', 'raw_path': b'/auth/google/callback...
          │                            │    └ <starlette.requests.Request object at 0x000002B99BFAA8E0>
          │                            └ <function request_response.<locals>.app.<locals>.app at 0x000002B99BFAAA30>
          └ <function wrap_app_handling_exceptions at 0x000002B998548E00>
  File "C:\Users\javie\AppData\Local\Python\pythoncore-3.14-64\Lib\site-packages\starlette\_exception_handler.py", line 42, in wrapped_app
    await app(scope, receive, sender)
          │   │      │        └ <function wrap_app_handling_exceptions.<locals>.wrapped_app.<locals>.sender at 0x000002B99BFAACF0>
          │   │      └ <function BaseHTTPMiddleware.__call__.<locals>.call_next.<locals>.receive_or_disconnect at 0x000002B99BFA9F30>
          │   └ {'type': 'http', 'http_version': '1.1', 'method': 'GET', 'path': '/auth/google/callback', 'raw_path': b'/auth/google/callback...
          └ <function request_response.<locals>.app.<locals>.app at 0x000002B99BFAAA30>
  File "C:\Users\javie\AppData\Local\Python\pythoncore-3.14-64\Lib\site-packages\fastapi\routing.py", line 120, in app
    response = await f(request)
                     │ └ <starlette.requests.Request object at 0x000002B99BFAA8E0>
                     └ <function get_request_handler.<locals>.app at 0x000002B99A503110>
  File "C:\Users\javie\AppData\Local\Python\pythoncore-3.14-64\Lib\site-packages\fastapi\routing.py", line 674, in app
    raw_response = await run_endpoint_function(
                         └ <function run_endpoint_function at 0x000002B998574460>
  File "C:\Users\javie\AppData\Local\Python\pythoncore-3.14-64\Lib\site-packages\fastapi\routing.py", line 328, in run_endpoint_function
    return await dependant.call(**values)
                 │         │      └ {'db': <sqlalchemy.orm.session.Session object at 0x000002B99B716990>, 'role': 'adopter', 'request': <starlette.requests.Reque...
                 │         └ <function google_callback at 0x000002B999733740>
                 └ Dependant(path_params=[], query_params=[ModelField(field_info=Query(adopter), name='role', mode='validation', config=None)], ...

> File "C:\Users\javie\Downloads\SMARTADOPT\SmartAdoptApp\backend\app\routes\auth_routes.py", line 229, in google_callback
    token = await oauth.google.authorize_access_token(request)
                  │     │      │                      └ <starlette.requests.Request object at 0x000002B99BFAA8E0>
                  │     │      └ <AsyncMock name='get_google_oauth().google.authorize_access_token' id='2996208778416'>
                  │     └ <AsyncMock name='get_google_oauth().google' id='2996208777744'>
                  └ <MagicMock name='get_google_oauth()' id='2996208777408'>

  File "C:\Users\javie\AppData\Local\Python\pythoncore-3.14-64\Lib\unittest\mock.py", line 2333, in _execute_mock_call
    raise effect
          └ ValueError('Google auth failed')

ValueError: Google auth failed
2026-06-18 14:52:30 | ERROR    | app.routes.auth_routes:login_google:208 - OAuth redirect failed - error: OAuth not available
2026-06-18 14:52:31 | ERROR    | app.services.backblaze_service:get_b2_api:33 - Failed to authorize with Backblaze: Invalid authorization token. Server said:  (bad_auth_token)
2026-06-18 14:52:31 | ERROR    | app.services.backblaze_service:get_image_url:112 - Failed to get public URL for file: Failed to authorize with Backblaze
2026-06-18 14:52:31 | ERROR    | app.services.pet_service:register_pet:63 - Failed to get image URL from Backblaze: Failed to get public URL for file
2026-06-18 14:52:33 | ERROR    | app.schemas.pet_schemas:validate_animal_breed:86 - First element of animal_breed must be either 'dog' or 'cat', got: cow
2026-06-18 14:52:33 | ERROR    | app.schemas.pet_schemas:validate_url:67 - Image URL is required and cannot be empty
2026-06-18 14:52:33 | ERROR    | app.schemas.pet_schemas:validate_url:70 - Invalid URL format, must start with http:// or https://, got: invalid-url
2026-06-18 14:52:33 | ERROR    | app.schemas.pet_schemas:validate_age:42 - Age exceeds realistic maximum (15 years), got: 20
2026-06-18 14:52:33 | ERROR    | app.schemas.pet_schemas:validate_weight:56 - Weight exceeds realistic maximum (10 kg), got: 15.0
2026-06-18 14:52:35 | ERROR    | app.services.backblaze_service:get_b2_api:33 - Failed to authorize with Backblaze: Invalid authorization token. Server said:  (bad_auth_token)
2026-06-18 14:52:35 | ERROR    | app.services.backblaze_service:get_image_url:112 - Failed to get public URL for file: Failed to authorize with Backblaze
2026-06-18 14:52:35 | ERROR    | app.services.pet_service:register_pet:63 - Failed to get image URL from Backblaze: Failed to get public URL for file
2026-06-18 14:52:35 | ERROR    | app.services.pet_service:list_pets:225 - Failed to retrieve pets from MongoDB: 'async for' requires an object with __aiter__ method, got coroutine
2026-06-18 14:52:35 | ERROR    | app.routes.pet_routes:list_pets_route:136 - Unexpected error during pet listing: Failed to retrieve pets from database
2026-06-18 15:03:50 | ERROR    | app.services.backblaze_service:get_b2_api:33 - Failed to authorize with Backblaze: Invalid authorization token. Server said:  (bad_auth_token)
2026-06-18 15:03:50 | ERROR    | app.services.backblaze_service:get_image_url:112 - Failed to get public URL for file: Failed to authorize with Backblaze
2026-06-18 15:03:50 | ERROR    | app.services.pet_service:register_pet:63 - Failed to get image URL from Backblaze: Failed to get public URL for file
2026-06-18 15:03:51 | ERROR    | app.services.backblaze_service:get_b2_api:33 - Failed to authorize with Backblaze: Invalid authorization token. Server said:  (bad_auth_token)
2026-06-18 15:03:51 | ERROR    | app.services.backblaze_service:get_image_url:112 - Failed to get public URL for file: Failed to authorize with Backblaze
2026-06-18 15:03:51 | ERROR    | app.services.pet_service:register_pet:63 - Failed to get image URL from Backblaze: Failed to get public URL for file
2026-06-18 15:07:43 | ERROR    | app.routes.auth_routes:register:112 - Registration failed - Internal server error for email: internal.error@test.com, error: Database connection failed
2026-06-18 15:07:43 | ERROR    | app.routes.auth_routes:login:172 - Login failed - Internal server error for email: test@test.com, error: Database connection failed
2026-06-18 15:07:43 | ERROR    | app.routes.auth_routes:refresh:394 - Token refresh failed - Internal server error: Redis connection failed
2026-06-18 15:07:43 | ERROR    | app.routes.auth_routes:logout:476 - Logout failed - Internal server error: Redis connection failed
2026-06-18 15:07:43 | ERROR    | app.routes.backblaze_routes:upload_image:47 - Image upload failed - Backblaze bucket not found
2026-06-18 15:07:43 | ERROR    | app.services.backblaze_service:upload_image_to_backblaze:91 - Failed to upload image to Backblaze: Upload failed
2026-06-18 15:07:43 | ERROR    | app.routes.backblaze_routes:upload_image:81 - Image upload failed - error: Failed to upload image to Backblaze
2026-06-18 15:07:46 | ERROR    | app.routes.auth_routes:google_callback:308 - OAuth callback failed - error: Google auth failed
Traceback (most recent call last):

  File "C:\Users\javie\AppData\Local\Python\pythoncore-3.14-64\Lib\threading.py", line 1044, in _bootstrap
    self._bootstrap_inner()
    │    └ <function Thread._bootstrap_inner at 0x000001E7319F6CF0>
    └ <Thread(asyncio-portal-1e73a8a4f30, started daemon 26924)>
  File "C:\Users\javie\AppData\Local\Python\pythoncore-3.14-64\Lib\threading.py", line 1082, in _bootstrap_inner
    self._context.run(self.run)
    │    │        │   │    └ <function Thread.run at 0x000001E7319F6980>
    │    │        │   └ <Thread(asyncio-portal-1e73a8a4f30, started daemon 26924)>
    │    │        └ <method 'run' of '_contextvars.Context' objects>
    │    └ <_contextvars.Context object at 0x000001E73A851D40>
    └ <Thread(asyncio-portal-1e73a8a4f30, started daemon 26924)>
  File "C:\Users\javie\AppData\Local\Python\pythoncore-3.14-64\Lib\threading.py", line 1024, in run
    self._target(*self._args, **self._kwargs)
    │    │        │    │        │    └ {}
    │    │        │    │        └ <Thread(asyncio-portal-1e73a8a4f30, started daemon 26924)>
    │    │        │    └ ()
    │    │        └ <Thread(asyncio-portal-1e73a8a4f30, started daemon 26924)>
    │    └ <function start_blocking_portal.<locals>.run_blocking_portal at 0x000001E73A8A3D70>
    └ <Thread(asyncio-portal-1e73a8a4f30, started daemon 26924)>
  File "C:\Users\javie\AppData\Local\Python\pythoncore-3.14-64\Lib\site-packages\anyio\from_thread.py", line 532, in run_blocking_portal
    run_eventloop(
    └ <function run at 0x000001E7329D35E0>
  File "C:\Users\javie\AppData\Local\Python\pythoncore-3.14-64\Lib\site-packages\anyio\_core\_eventloop.py", line 77, in run
    return async_backend.run(func, args, {}, backend_options)
           │             │   │     │         └ {}
           │             │   │     └ ()
           │             │   └ <function start_blocking_portal.<locals>.run_portal at 0x000001E73A8A2610>
           │             └ <classmethod(<function AsyncIOBackend.run at 0x000001E7345D9C70>)>
           └ <class 'anyio._backends._asyncio.AsyncIOBackend'>
  File "C:\Users\javie\AppData\Local\Python\pythoncore-3.14-64\Lib\site-packages\anyio\_backends\_asyncio.py", line 2358, in run
    return runner.run(wrapper())
           │      │   └ <function start_blocking_portal.<locals>.run_portal at 0x000001E73A8A2980>
           │      └ <function Runner.run at 0x000001E73452C250>
           └ <asyncio.runners.Runner object at 0x000001E73A86ABD0>
  File "C:\Users\javie\AppData\Local\Python\pythoncore-3.14-64\Lib\asyncio\runners.py", line 127, in run
    return self._loop.run_until_complete(task)
           │    │     │                  └ <Task pending name='anyio.from_thread.start_blocking_portal.<locals>.run_portal' coro=<start_blocking_portal.<locals>.run_por...
           │    │     └ <function BaseEventLoop.run_until_complete at 0x000001E734514670>
           │    └ <ProactorEventLoop running=True closed=False debug=False>
           └ <asyncio.runners.Runner object at 0x000001E73A86ABD0>
  File "C:\Users\javie\AppData\Local\Python\pythoncore-3.14-64\Lib\asyncio\base_events.py", line 706, in run_until_complete
    self.run_forever()
    │    └ <function BaseEventLoop.run_forever at 0x000001E7345145C0>
    └ <ProactorEventLoop running=True closed=False debug=False>
  File "C:\Users\javie\AppData\Local\Python\pythoncore-3.14-64\Lib\asyncio\base_events.py", line 677, in run_forever
    self._run_once()
    │    └ <function BaseEventLoop._run_once at 0x000001E7345166C0>
    └ <ProactorEventLoop running=True closed=False debug=False>
  File "C:\Users\javie\AppData\Local\Python\pythoncore-3.14-64\Lib\asyncio\base_events.py", line 2057, in _run_once
    handle._run()
    │      └ <function Handle._run at 0x000001E732E66AE0>
    └ <Handle Task.task_wakeup()>
  File "C:\Users\javie\AppData\Local\Python\pythoncore-3.14-64\Lib\asyncio\events.py", line 94, in _run
    self._context.run(self._callback, *self._args)
    │    │            │    │           │    └ <member '_args' of 'Handle' objects>
    │    │            │    │           └ <Handle Task.task_wakeup()>
    │    │            │    └ <member '_callback' of 'Handle' objects>
    │    │            └ <Handle Task.task_wakeup()>
    │    └ <member '_context' of 'Handle' objects>
    └ <Handle Task.task_wakeup()>
  File "C:\Users\javie\AppData\Local\Python\pythoncore-3.14-64\Lib\site-packages\starlette\middleware\base.py", line 144, in coro
    await self.app(scope, receive_or_disconnect, send_no_error)
          │    │   │      │                      └ <function BaseHTTPMiddleware.__call__.<locals>.call_next.<locals>.send_no_error at 0x000001E73A8F5590>
          │    │   │      └ <function BaseHTTPMiddleware.__call__.<locals>.call_next.<locals>.receive_or_disconnect at 0x000001E73A8F5430>
          │    │   └ {'type': 'http', 'http_version': '1.1', 'method': 'GET', 'path': '/auth/google/callback', 'raw_path': b'/auth/google/callback...
          │    └ <starlette.middleware.cors.CORSMiddleware object at 0x000001E73A006660>
          └ <app.main.RequestLoggingMiddleware object at 0x000001E73A0067B0>
  File "C:\Users\javie\AppData\Local\Python\pythoncore-3.14-64\Lib\site-packages\starlette\middleware\cors.py", line 88, in __call__
    await self.app(scope, receive, send)
          │    │   │      │        └ <function BaseHTTPMiddleware.__call__.<locals>.call_next.<locals>.send_no_error at 0x000001E73A8F5590>
          │    │   │      └ <function BaseHTTPMiddleware.__call__.<locals>.call_next.<locals>.receive_or_disconnect at 0x000001E73A8F5430>
          │    │   └ {'type': 'http', 'http_version': '1.1', 'method': 'GET', 'path': '/auth/google/callback', 'raw_path': b'/auth/google/callback...
          │    └ <starlette.middleware.sessions.SessionMiddleware object at 0x000001E73A006270>
          └ <starlette.middleware.cors.CORSMiddleware object at 0x000001E73A006660>
  File "C:\Users\javie\AppData\Local\Python\pythoncore-3.14-64\Lib\site-packages\starlette\middleware\sessions.py", line 88, in __call__
    await self.app(scope, receive, send_wrapper)
          │    │   │      │        └ <function SessionMiddleware.__call__.<locals>.send_wrapper at 0x000001E73A8F59B0>
          │    │   │      └ <function BaseHTTPMiddleware.__call__.<locals>.call_next.<locals>.receive_or_disconnect at 0x000001E73A8F5430>
          │    │   └ {'type': 'http', 'http_version': '1.1', 'method': 'GET', 'path': '/auth/google/callback', 'raw_path': b'/auth/google/callback...
          │    └ <starlette.middleware.exceptions.ExceptionMiddleware object at 0x000001E73A006120>
          └ <starlette.middleware.sessions.SessionMiddleware object at 0x000001E73A006270>
  File "C:\Users\javie\AppData\Local\Python\pythoncore-3.14-64\Lib\site-packages\starlette\middleware\exceptions.py", line 63, in __call__
    await wrap_app_handling_exceptions(self.app, conn)(scope, receive, send)
          │                            │    │    │     │      │        └ <function SessionMiddleware.__call__.<locals>.send_wrapper at 0x000001E73A8F59B0>
          │                            │    │    │     │      └ <function BaseHTTPMiddleware.__call__.<locals>.call_next.<locals>.receive_or_disconnect at 0x000001E73A8F5430>
          │                            │    │    │     └ {'type': 'http', 'http_version': '1.1', 'method': 'GET', 'path': '/auth/google/callback', 'raw_path': b'/auth/google/callback...
          │                            │    │    └ <starlette.requests.Request object at 0x000001E73A8F5A70>
          │                            │    └ <fastapi.middleware.asyncexitstack.AsyncExitStackMiddleware object at 0x000001E73A005FD0>
          │                            └ <starlette.middleware.exceptions.ExceptionMiddleware object at 0x000001E73A006120>
          └ <function wrap_app_handling_exceptions at 0x000001E736DF8D50>
  File "C:\Users\javie\AppData\Local\Python\pythoncore-3.14-64\Lib\site-packages\starlette\_exception_handler.py", line 42, in wrapped_app
    await app(scope, receive, sender)
          │   │      │        └ <function wrap_app_handling_exceptions.<locals>.wrapped_app.<locals>.sender at 0x000001E73A8F5D20>
          │   │      └ <function BaseHTTPMiddleware.__call__.<locals>.call_next.<locals>.receive_or_disconnect at 0x000001E73A8F5430>
          │   └ {'type': 'http', 'http_version': '1.1', 'method': 'GET', 'path': '/auth/google/callback', 'raw_path': b'/auth/google/callback...
          └ <fastapi.middleware.asyncexitstack.AsyncExitStackMiddleware object at 0x000001E73A005FD0>
  File "C:\Users\javie\AppData\Local\Python\pythoncore-3.14-64\Lib\site-packages\fastapi\middleware\asyncexitstack.py", line 18, in __call__
    await self.app(scope, receive, send)
          │    │   │      │        └ <function wrap_app_handling_exceptions.<locals>.wrapped_app.<locals>.sender at 0x000001E73A8F5D20>
          │    │   │      └ <function BaseHTTPMiddleware.__call__.<locals>.call_next.<locals>.receive_or_disconnect at 0x000001E73A8F5430>
          │    │   └ {'type': 'http', 'http_version': '1.1', 'method': 'GET', 'path': '/auth/google/callback', 'raw_path': b'/auth/google/callback...
          │    └ <fastapi.routing.APIRouter object at 0x000001E7385F2BE0>
          └ <fastapi.middleware.asyncexitstack.AsyncExitStackMiddleware object at 0x000001E73A005FD0>
  File "C:\Users\javie\AppData\Local\Python\pythoncore-3.14-64\Lib\site-packages\starlette\routing.py", line 660, in __call__
    await self.middleware_stack(scope, receive, send)
          │    │                │      │        └ <function wrap_app_handling_exceptions.<locals>.wrapped_app.<locals>.sender at 0x000001E73A8F5D20>
          │    │                │      └ <function BaseHTTPMiddleware.__call__.<locals>.call_next.<locals>.receive_or_disconnect at 0x000001E73A8F5430>
          │    │                └ {'type': 'http', 'http_version': '1.1', 'method': 'GET', 'path': '/auth/google/callback', 'raw_path': b'/auth/google/callback...
          │    └ <bound method Router.app of <fastapi.routing.APIRouter object at 0x000001E7385F2BE0>>
          └ <fastapi.routing.APIRouter object at 0x000001E7385F2BE0>
  File "C:\Users\javie\AppData\Local\Python\pythoncore-3.14-64\Lib\site-packages\starlette\routing.py", line 680, in app
    await route.handle(scope, receive, send)
          │     │      │      │        └ <function wrap_app_handling_exceptions.<locals>.wrapped_app.<locals>.sender at 0x000001E73A8F5D20>
          │     │      │      └ <function BaseHTTPMiddleware.__call__.<locals>.call_next.<locals>.receive_or_disconnect at 0x000001E73A8F5430>
          │     │      └ {'type': 'http', 'http_version': '1.1', 'method': 'GET', 'path': '/auth/google/callback', 'raw_path': b'/auth/google/callback...
          │     └ <function Route.handle at 0x000001E736DFB8A0>
          └ APIRoute(path='/auth/google/callback', name='google_callback', methods=['GET'])
  File "C:\Users\javie\AppData\Local\Python\pythoncore-3.14-64\Lib\site-packages\starlette\routing.py", line 276, in handle
    await self.app(scope, receive, send)
          │    │   │      │        └ <function wrap_app_handling_exceptions.<locals>.wrapped_app.<locals>.sender at 0x000001E73A8F5D20>
          │    │   │      └ <function BaseHTTPMiddleware.__call__.<locals>.call_next.<locals>.receive_or_disconnect at 0x000001E73A8F5430>
          │    │   └ {'type': 'http', 'http_version': '1.1', 'method': 'GET', 'path': '/auth/google/callback', 'raw_path': b'/auth/google/callback...
          │    └ <function request_response.<locals>.app at 0x000001E739DB31C0>
          └ APIRoute(path='/auth/google/callback', name='google_callback', methods=['GET'])
  File "C:\Users\javie\AppData\Local\Python\pythoncore-3.14-64\Lib\site-packages\fastapi\routing.py", line 134, in app
    await wrap_app_handling_exceptions(app, request)(scope, receive, send)
          │                            │    │        │      │        └ <function wrap_app_handling_exceptions.<locals>.wrapped_app.<locals>.sender at 0x000001E73A8F5D20>
          │                            │    │        │      └ <function BaseHTTPMiddleware.__call__.<locals>.call_next.<locals>.receive_or_disconnect at 0x000001E73A8F5430>
          │                            │    │        └ {'type': 'http', 'http_version': '1.1', 'method': 'GET', 'path': '/auth/google/callback', 'raw_path': b'/auth/google/callback...
          │                            │    └ <starlette.requests.Request object at 0x000001E73A8F5DE0>
          │                            └ <function request_response.<locals>.app.<locals>.app at 0x000001E73A8F5F30>
          └ <function wrap_app_handling_exceptions at 0x000001E736DF8D50>
  File "C:\Users\javie\AppData\Local\Python\pythoncore-3.14-64\Lib\site-packages\starlette\_exception_handler.py", line 42, in wrapped_app
    await app(scope, receive, sender)
          │   │      │        └ <function wrap_app_handling_exceptions.<locals>.wrapped_app.<locals>.sender at 0x000001E73A8F61F0>
          │   │      └ <function BaseHTTPMiddleware.__call__.<locals>.call_next.<locals>.receive_or_disconnect at 0x000001E73A8F5430>
          │   └ {'type': 'http', 'http_version': '1.1', 'method': 'GET', 'path': '/auth/google/callback', 'raw_path': b'/auth/google/callback...
          └ <function request_response.<locals>.app.<locals>.app at 0x000001E73A8F5F30>
  File "C:\Users\javie\AppData\Local\Python\pythoncore-3.14-64\Lib\site-packages\fastapi\routing.py", line 120, in app
    response = await f(request)
                     │ └ <starlette.requests.Request object at 0x000001E73A8F5DE0>
                     └ <function get_request_handler.<locals>.app at 0x000001E739DB3060>
  File "C:\Users\javie\AppData\Local\Python\pythoncore-3.14-64\Lib\site-packages\fastapi\routing.py", line 674, in app
    raw_response = await run_endpoint_function(
                         └ <function run_endpoint_function at 0x000001E736E243B0>
  File "C:\Users\javie\AppData\Local\Python\pythoncore-3.14-64\Lib\site-packages\fastapi\routing.py", line 328, in run_endpoint_function
    return await dependant.call(**values)
                 │         │      └ {'db': <sqlalchemy.orm.session.Session object at 0x000001E739FFA990>, 'role': 'adopter', 'request': <starlette.requests.Reque...
                 │         └ <function google_callback at 0x000001E737FE7690>
                 └ Dependant(path_params=[], query_params=[ModelField(field_info=Query(adopter), name='role', mode='validation', config=None)], ...

> File "C:\Users\javie\Downloads\SMARTADOPT\SmartAdoptApp\backend\app\routes\auth_routes.py", line 229, in google_callback
    token = await oauth.google.authorize_access_token(request)
                  │     │      │                      └ <starlette.requests.Request object at 0x000001E73A8F5DE0>
                  │     │      └ <AsyncMock name='get_google_oauth().google.authorize_access_token' id='2092631355280'>
                  │     └ <AsyncMock name='get_google_oauth().google' id='2092631354608'>
                  └ <MagicMock name='get_google_oauth()' id='2092631354272'>

  File "C:\Users\javie\AppData\Local\Python\pythoncore-3.14-64\Lib\unittest\mock.py", line 2333, in _execute_mock_call
    raise effect
          └ ValueError('Google auth failed')

ValueError: Google auth failed
2026-06-18 15:07:46 | ERROR    | app.routes.auth_routes:login_google:208 - OAuth redirect failed - error: OAuth not available
2026-06-18 15:07:46 | ERROR    | app.schemas.pet_schemas:validate_animal_breed:86 - First element of animal_breed must be either 'dog' or 'cat', got: cow
2026-06-18 15:07:46 | ERROR    | app.schemas.pet_schemas:validate_url:67 - Image URL is required and cannot be empty
2026-06-18 15:07:47 | ERROR    | app.schemas.pet_schemas:validate_url:70 - Invalid URL format, must start with http:// or https://, got: invalid-url
2026-06-18 15:07:47 | ERROR    | app.schemas.pet_schemas:validate_age:42 - Age exceeds realistic maximum (15 years), got: 20
2026-06-18 15:07:47 | ERROR    | app.schemas.pet_schemas:validate_weight:56 - Weight exceeds realistic maximum (10 kg), got: 15.0
2026-06-18 15:07:47 | ERROR    | app.services.pet_service:list_pets:225 - Failed to retrieve pets from MongoDB: 'async for' requires an object with __aiter__ method, got coroutine
2026-06-18 15:07:47 | ERROR    | app.routes.pet_routes:list_pets_route:136 - Unexpected error during pet listing: Failed to retrieve pets from database
